time="2024-06-13T16:16:34+03:00" level=info msg="logger initialized" func="main.go:16" file="main.main()"
time="2024-06-13T16:27:51+03:00" level=info msg="logger initialized" func="main.go:16" file="main.main()"
time="2024-06-13T16:28:25+03:00" level=info msg="logger initialized" func="main.go:16" file="main.main()"
time="2024-06-13T16:28:43+03:00" level=info msg="logger initialized" func="main.go:16" file="main.main()"
time="2024-06-13T16:31:40+03:00" level=info msg="logger initialized" func="main.go:16" file="main.main()"
time="2024-06-13T16:36:02+03:00" level=info msg="logger initialized" func="main.go:16" file="main.main()"
time="2024-06-13T16:41:00+03:00" level=info msg="logger initialized" func="main.go:16" file="main.main()"
time="2024-06-13T16:51:34+03:00" level=info msg="logger initialized" func="main.go:26" file="main.main()"
time="2024-06-13T16:53:54+03:00" level=info msg="logger initialized" func="main.go:26" file="main.main()"
time="2024-06-13T16:56:00+03:00" level=info msg="logger initialized" func="main.go:26" file="main.main()"
time="2024-06-13T16:56:21+03:00" level=info msg="logger initialized" func="main.go:26" file="main.main()"
time="2024-06-13T16:56:47+03:00" level=info msg="logger initialized" func="main.go:26" file="main.main()"
time="2024-06-13T16:57:42+03:00" level=info msg="logger initialized" func="main.go:26" file="main.main()"
time="2024-06-13T16:58:00+03:00" level=info msg="logger initialized" func="main.go:26" file="main.main()"
time="2024-06-13T17:02:03+03:00" level=info msg="logger initialized" func="main.go:26" file="main.main()"
time="2024-06-13T17:04:20+03:00" level=info msg="logger initialized" func="main.go:26" file="main.main()"
time="2024-06-13T17:10:58+03:00" level=info msg="logger initialized" func="main.go:26" file="main.main()"
time="2024-06-13T17:18:10+03:00" level=info msg="logger initialized" func="main.go:26" file="main.main()"
time="2024-06-13T17:26:11+03:00" level=info msg="logger initialized" func="main.go:26" file="main.main()"
time="2024-06-13T17:27:41+03:00" level=info msg="logger initialized" func="main.go:26" file="main.main()"
time="2024-06-13T17:29:36+03:00" level=info msg="logger initialized" func="main.go:26" file="main.main()"
time="2024-06-13T17:29:57+03:00" level=info msg="logger initialized" func="main.go:26" file="main.main()"
time="2024-06-13T17:30:10+03:00" level=info msg="logger initialized" func="main.go:26" file="main.main()"
time="2024-06-13T17:30:14+03:00" level=info msg="logger initialized" func="main.go:26" file="main.main()"
time="2024-06-13T17:30:20+03:00" level=info msg="logger initialized" func="main.go:26" file="main.main()"
time="2024-06-13T18:46:30+03:00" level=info msg="logger initialized" func="main.go:24" file="main.main()"
time="2024-06-13T18:46:54+03:00" level=info msg="logger initialized" func="main.go:24" file="main.main()"
time="2024-06-13T19:00:13+03:00" level=info msg="logger initialized" func="main.go:25" file="main.main()"
time="2024-06-13T19:01:03+03:00" level=info msg="logger initialized" func="main.go:25" file="main.main()"
time="2024-06-13T19:28:33+03:00" level=info msg="logger initialized" func="main.go:25" file="main.main()"
time="2024-06-13T19:31:57+03:00" level=info msg="logger initialized" func="main.go:26" file="main.main()"
time="2024-06-13T19:33:58+03:00" level=info msg="logger initialized" func="main.go:26" file="main.main()"
time="2024-06-13T19:35:35+03:00" level=info msg="logger initialized" func="main.go:26" file="main.main()"
time="2024-06-13T19:37:04+03:00" level=info msg="logger initialized" func="main.go:26" file="main.main()"
time="2024-06-13T19:40:51+03:00" level=info msg="logger initialized" func="main.go:27" file="main.main()"
time="2024-06-13T19:41:38+03:00" level=info msg="logger initialized" func="main.go:27" file="main.main()"
time="2024-06-13T19:43:02+03:00" level=info msg="logger initialized" func="main.go:27" file="main.main()"
time="2024-06-13T19:52:01+03:00" level=info msg="logger initialized" func="main.go:27" file="main.main()"
time="2024-06-13T19:52:05+03:00" level=info msg="logger initialized" func="main.go:27" file="main.main()"
time="2024-06-13T19:59:24+03:00" level=info msg="logger initialized" func="main.go:27" file="main.main()"
time="2024-06-21T13:38:46+03:00" level=info msg="logger initialized" func="main.go:27" file="main.main()"
time="2024-06-21T13:39:36+03:00" level=info msg="logger initialized" func="main.go:27" file="main.main()"
time="2024-06-21T13:41:25+03:00" level=info msg="logger initialized" func="main.go:27" file="main.main()"
time="2024-06-21T13:47:46+03:00" level=info msg="logger initialized" func="main.go:27" file="main.main()"
time="2024-06-21T13:51:13+03:00" level=info msg="logger initialized" func="main.go:27" file="main.main()"
time="2024-06-21T13:55:59+03:00" level=info msg="logger initialized" func="main.go:27" file="main.main()"
time="2024-06-21T13:56:14+03:00" level=info msg="logger initialized" func="main.go:27" file="main.main()"
time="2024-06-21T13:57:45+03:00" level=error msg="error: ERROR: duplicate key value violates unique constraint \"money_user_id_key\" (SQLSTATE 23505)" func="base.go:26" file="wildwest/internal/repository.BaseRepository.Create()"
time="2024-06-21T14:01:31+03:00" level=info msg="logger initialized" func="main.go:27" file="main.main()"
time="2024-06-21T14:01:40+03:00" level=error msg="error: record not found" func="base.go:17" file="wildwest/internal/repository.BaseRepository.Get()"
time="2024-06-21T14:01:40+03:00" level=error msg="record not found" func="money.go:22" file="wildwest/internal/service.(*moneyService).GetMoney()"
time="2024-06-21T14:43:31+03:00" level=info msg="logger initialized" func="main.go:27" file="main.main()"
time="2024-06-21T14:43:45+03:00" level=error msg="error: record not found" func="base.go:17" file="wildwest/internal/repository.BaseRepository.Get()"
time="2024-06-21T14:43:45+03:00" level=error msg="record not found" func="horse.go:22" file="wildwest/internal/service.(*horseService).GetHorse()"
time="2024-06-21T14:45:21+03:00" level=info msg="logger initialized" func="main.go:27" file="main.main()"
time="2024-06-21T15:04:05+03:00" level=info msg="logger initialized" func="main.go:27" file="main.main()"
time="2024-06-21T15:04:58+03:00" level=info msg="logger initialized" func="main.go:27" file="main.main()"
time="2024-06-21T15:07:18+03:00" level=info msg="logger initialized" func="main.go:27" file="main.main()"
time="2024-06-21T15:07:34+03:00" level=info msg="logger initialized" func="main.go:27" file="main.main()"
time="2024-06-21T15:07:39+03:00" level=info msg="logger initialized" func="main.go:27" file="main.main()"
time="2024-06-21T15:15:43+03:00" level=info msg="logger initialized" func="main.go:27" file="main.main()"
time="2024-06-21T15:17:35+03:00" level=info msg="logger initialized" func="main.go:27" file="main.main()"
time="2024-06-21T15:26:25+03:00" level=info msg="logger initialized" func="main.go:27" file="main.main()"
time="2024-06-21T15:26:43+03:00" level=error msg="Not enough silver to upgrade horse" func="horse.go:50" file="wildwest/internal/service.(*horseService).UpgradeHorse()"
time="2024-06-21T15:26:44+03:00" level=error msg="Not enough silver to upgrade horse" func="horse.go:50" file="wildwest/internal/service.(*horseService).UpgradeHorse()"
time="2024-06-21T15:26:44+03:00" level=error msg="Not enough silver to upgrade horse" func="horse.go:50" file="wildwest/internal/service.(*horseService).UpgradeHorse()"
time="2024-06-23T12:50:03+03:00" level=info msg="logger initialized" func="main.go:27" file="main.main()"
time="2024-06-23T15:45:05+03:00" level=info msg="logger initialized" func="main.go:27" file="main.main()"
time="2024-06-23T15:46:59+03:00" level=info msg="logger initialized" func="main.go:27" file="main.main()"
time="2024-06-23T15:50:15+03:00" level=info msg="logger initialized" func="main.go:27" file="main.main()"
time="2024-06-23T15:51:08+03:00" level=info msg="logger initialized" func="main.go:27" file="main.main()"
time="2024-06-23T16:10:25+03:00" level=info msg="logger initialized" func="main.go:27" file="main.main()"
time="2024-06-23T16:18:27+03:00" level=info msg="logger initialized" func="main.go:27" file="main.main()"
time="2024-06-23T16:18:40+03:00" level=error msg="Not enough silver to upgrade horse" func="horse.go:58" file="wildwest/internal/service.(*horseService).UpgradeHorse()"
time="2024-06-23T16:18:41+03:00" level=error msg="Not enough silver to upgrade horse" func="horse.go:58" file="wildwest/internal/service.(*horseService).UpgradeHorse()"
time="2024-06-23T16:19:25+03:00" level=error msg="Not enough silver to upgrade horse" func="horse.go:58" file="wildwest/internal/service.(*horseService).UpgradeHorse()"
time="2024-06-23T16:19:27+03:00" level=error msg="Not enough silver to upgrade horse" func="horse.go:58" file="wildwest/internal/service.(*horseService).UpgradeHorse()"
time="2024-06-23T16:19:27+03:00" level=error msg="Not enough silver to upgrade horse" func="horse.go:58" file="wildwest/internal/service.(*horseService).UpgradeHorse()"
time="2024-06-23T16:20:30+03:00" level=info msg="logger initialized" func="main.go:27" file="main.main()"
time="2024-06-23T16:20:34+03:00" level=error msg="error updating record: ERROR: column \"distance\" of relation \"horse\" does not exist (SQLSTATE 42703)" func="base.go:35" file="wildwest/internal/repository.BaseRepository.Update()"
time="2024-06-23T16:20:34+03:00" level=error msg="Failed to update horse:ERROR: column \"distance\" of relation \"horse\" does not exist (SQLSTATE 42703)" func="horse.go:112" file="wildwest/internal/service.(*horseService).GameHorse()"
time="2024-06-23T16:21:33+03:00" level=error msg="error: ERROR: cached plan must not change result type (SQLSTATE 0A000)" func="base.go:17" file="wildwest/internal/repository.BaseRepository.Get()"
time="2024-06-23T16:21:33+03:00" level=error msg="Failed to get horse:ERROR: cached plan must not change result type (SQLSTATE 0A000)" func="horse.go:90" file="wildwest/internal/service.(*horseService).GameHorse()"
time="2024-06-23T16:24:09+03:00" level=info msg="logger initialized" func="main.go:27" file="main.main()"
time="2024-06-23T16:43:42+03:00" level=info msg="logger initialized" func="main.go:27" file="main.main()"
time="2024-06-23T17:08:33+03:00" level=info msg="logger initialized" func="main.go:27" file="main.main()"
time="2024-06-23T17:10:35+03:00" level=info msg="logger initialized" func="main.go:27" file="main.main()"
time="2024-06-23T17:14:01+03:00" level=info msg="logger initialized" func="main.go:27" file="main.main()"
time="2024-06-23T17:14:19+03:00" level=info msg="logger initialized" func="main.go:27" file="main.main()"
time="2024-06-23T17:14:31+03:00" level=error msg="error: ERROR: relation \"user\" does not exist (SQLSTATE 42P01)" func="user.go:27" file="wildwest/internal/repository.(*userRepository).Create()"
time="2024-06-23T17:14:31+03:00" level=error msg="Failed to create user: ERROR: relation \"user\" does not exist (SQLSTATE 42P01)" func="user.go:38" file="wildwest/internal/service.(*userService).RegisterUser()"
time="2024-06-23T17:18:17+03:00" level=info msg="logger initialized" func="main.go:27" file="main.main()"
time="2024-06-25T11:40:05+03:00" level=info msg="logger initialized" func="main.go:27" file="main.main()"
time="2024-06-25T11:40:05+03:00" level=error msg="failed to connect to `user=postgres database=postgres`:\n\t[::1]:5432 (localhost): dial error: dial tcp [::1]:5432: connect: connection refused\n\t127.0.0.1:5432 (localhost): dial error: dial tcp 127.0.0.1:5432: connect: connection refused" func="main.go:31" file="main.main()"
time="2024-06-25T11:46:52+03:00" level=info msg="logger initialized" func="main.go:27" file="main.main()"
time="2024-06-25T11:46:52+03:00" level=error msg="failed to connect to `user=postgres database=postgres`:\n\t[::1]:5432 (localhost): dial error: dial tcp [::1]:5432: connect: connection refused\n\t127.0.0.1:5432 (localhost): dial error: dial tcp 127.0.0.1:5432: connect: connection refused" func="main.go:31" file="main.main()"
time="2024-06-25T12:12:59+03:00" level=info msg="logger initialized" func="main.go:27" file="main.main()"
time="2024-06-25T12:12:59+03:00" level=error msg="failed to connect to `user=postgres database=postgres`:\n\t[::1]:5432 (localhost): dial error: dial tcp [::1]:5432: connect: connection refused\n\t127.0.0.1:5432 (localhost): dial error: dial tcp 127.0.0.1:5432: connect: connection refused" func="main.go:31" file="main.main()"
time="2024-06-25T12:18:10+03:00" level=info msg="logger initialized" func="main.go:27" file="main.main()"
time="2024-06-25T12:18:16+03:00" level=error msg="error: record not found" func="base.go:25" file="wildwest/internal/repository.(*BaseRepository).Get()"
time="2024-06-25T12:18:16+03:00" level=error msg="Failed to get horse:record not found" func="horse.go:76" file="wildwest/internal/service.(*horseService).GameHorse()"
time="2024-06-25T12:18:59+03:00" level=info msg="logger initialized" func="main.go:27" file="main.main()"
time="2024-06-25T12:19:00+03:00" level=error msg="Failed to commit transaction: &{0x1400017e090 <nil> 0 0x14000584540 1}" func="horse.go:58" file="wildwest/internal/repository.(*horseRepository).Update()"
time="2024-06-25T12:19:00+03:00" level=error msg="Failed to update horse and money:failed to commit transaction: %!w(*gorm.DB=&{0x1400017e090 <nil> 0 0x14000584540 1})" func="horse.go:97" file="wildwest/internal/service.(*horseService).GameHorse()"
time="2024-06-25T12:19:14+03:00" level=error msg="Failed to commit transaction: &{0x1400017e750 <nil> 0 0x14000585dc0 1}" func="horse.go:58" file="wildwest/internal/repository.(*horseRepository).Update()"
time="2024-06-25T12:19:14+03:00" level=error msg="Failed to update horse and money:failed to commit transaction: %!w(*gorm.DB=&{0x1400017e750 <nil> 0 0x14000585dc0 1})" func="horse.go:66" file="wildwest/internal/service.(*horseService).UpgradeHorse()"
time="2024-06-25T12:19:20+03:00" level=error msg="Failed to commit transaction: &{0x1400017ee10 <nil> 0 0x14000605880 1}" func="horse.go:58" file="wildwest/internal/repository.(*horseRepository).Update()"
time="2024-06-25T12:19:20+03:00" level=error msg="Failed to update horse and money:failed to commit transaction: %!w(*gorm.DB=&{0x1400017ee10 <nil> 0 0x14000605880 1})" func="horse.go:66" file="wildwest/internal/service.(*horseService).UpgradeHorse()"
time="2024-06-25T12:21:57+03:00" level=info msg="logger initialized" func="main.go:27" file="main.main()"
time="2024-06-25T12:22:19+03:00" level=error msg="Failed to commit transaction: &{0x14000148090 <nil> 0 0x14000508a80 1}" func="horse.go:58" file="wildwest/internal/repository.(*horseRepository).Update()"
time="2024-06-25T12:22:19+03:00" level=error msg="Failed to update horse and money:failed to commit transaction: %!w(*gorm.DB=&{0x14000148090 <nil> 0 0x14000508a80 1})" func="horse.go:66" file="wildwest/internal/service.(*horseService).UpgradeHorse()"
time="2024-06-25T12:22:53+03:00" level=error msg="Failed to commit transaction: &{0x140001483f0 <nil> 0 0x14000509500 1}" func="horse.go:58" file="wildwest/internal/repository.(*horseRepository).Update()"
time="2024-06-25T12:22:53+03:00" level=error msg="Failed to update horse and money:failed to commit transaction: %!w(*gorm.DB=&{0x140001483f0 <nil> 0 0x14000509500 1})" func="horse.go:66" file="wildwest/internal/service.(*horseService).UpgradeHorse()"
time="2024-06-25T12:24:29+03:00" level=info msg="logger initialized" func="main.go:27" file="main.main()"
time="2024-06-25T12:24:35+03:00" level=error msg="Failed to commit transaction: &{0x14000110090 <nil> 0 0x14000104e00 1}" func="horse.go:59" file="wildwest/internal/repository.(*horseRepository).Update()"
time="2024-06-25T12:24:35+03:00" level=error msg="Failed to update horse and money:failed to commit transaction: %!w(*gorm.DB=&{0x14000110090 <nil> 0 0x14000104e00 1})" func="horse.go:66" file="wildwest/internal/service.(*horseService).UpgradeHorse()"
time="2024-06-25T12:24:36+03:00" level=error msg="Failed to commit transaction: &{0x1400020a090 <nil> 0 0x14000189340 1}" func="horse.go:59" file="wildwest/internal/repository.(*horseRepository).Update()"
time="2024-06-25T12:24:36+03:00" level=error msg="Failed to update horse and money:failed to commit transaction: %!w(*gorm.DB=&{0x1400020a090 <nil> 0 0x14000189340 1})" func="horse.go:66" file="wildwest/internal/service.(*horseService).UpgradeHorse()"
time="2024-06-25T12:24:36+03:00" level=error msg="Failed to commit transaction: &{0x140001103f0 <nil> 0 0x14000105a40 1}" func="horse.go:59" file="wildwest/internal/repository.(*horseRepository).Update()"
time="2024-06-25T12:24:36+03:00" level=error msg="Failed to update horse and money:failed to commit transaction: %!w(*gorm.DB=&{0x140001103f0 <nil> 0 0x14000105a40 1})" func="horse.go:66" file="wildwest/internal/service.(*horseService).UpgradeHorse()"
time="2024-06-25T12:24:36+03:00" level=error msg="Failed to commit transaction: &{0x14000110900 <nil> 0 0x14000b64e00 1}" func="horse.go:59" file="wildwest/internal/repository.(*horseRepository).Update()"
time="2024-06-25T12:24:36+03:00" level=error msg="Failed to update horse and money:failed to commit transaction: %!w(*gorm.DB=&{0x14000110900 <nil> 0 0x14000b64e00 1})" func="horse.go:66" file="wildwest/internal/service.(*horseService).UpgradeHorse()"
time="2024-06-25T12:25:42+03:00" level=error msg="Failed to commit transaction: &{0x1400020a900 <nil> 0 0x140005876c0 1}" func="horse.go:59" file="wildwest/internal/repository.(*horseRepository).Update()"
time="2024-06-25T12:25:42+03:00" level=error msg="Failed to update horse and money:failed to commit transaction: %!w(*gorm.DB=&{0x1400020a900 <nil> 0 0x140005876c0 1})" func="horse.go:66" file="wildwest/internal/service.(*horseService).UpgradeHorse()"
time="2024-06-25T12:25:50+03:00" level=error msg="Failed to commit transaction: &{0x14000110fc0 <nil> 0 0x14000b76540 1}" func="horse.go:59" file="wildwest/internal/repository.(*horseRepository).Update()"
time="2024-06-25T12:25:50+03:00" level=error msg="Failed to update horse and money:failed to commit transaction: %!w(*gorm.DB=&{0x14000110fc0 <nil> 0 0x14000b76540 1})" func="horse.go:66" file="wildwest/internal/service.(*horseService).UpgradeHorse()"
time="2024-06-25T12:27:25+03:00" level=info msg="logger initialized" func="main.go:27" file="main.main()"
time="2024-06-25T12:41:59+03:00" level=info msg="logger initialized" func="main.go:27" file="main.main()"
time="2024-06-25T12:47:27+03:00" level=info msg="logger initialized" func="main.go:27" file="main.main()"
time="2024-06-25T12:47:37+03:00" level=error msg="Failed to commit transaction: &{0x14000b842d0 <nil> 0 0x14000186fc0 1}" func="horse.go:58" file="wildwest/internal/repository.(*horseRepository).Update()"
time="2024-06-25T12:47:37+03:00" level=error msg="Failed to update horse and money:failed to commit transaction: %!w(*gorm.DB=&{0x14000b842d0 <nil> 0 0x14000186fc0 1})" func="horse.go:66" file="wildwest/internal/service.(*horseService).UpgradeHorse()"
time="2024-06-25T12:47:39+03:00" level=error msg="Failed to commit transaction: &{0x14000b84990 <nil> 0 0x14000604c40 1}" func="horse.go:58" file="wildwest/internal/repository.(*horseRepository).Update()"
time="2024-06-25T12:47:39+03:00" level=error msg="Failed to update horse and money:failed to commit transaction: %!w(*gorm.DB=&{0x14000b84990 <nil> 0 0x14000604c40 1})" func="horse.go:66" file="wildwest/internal/service.(*horseService).UpgradeHorse()"
time="2024-06-25T12:47:50+03:00" level=error msg="Failed to commit transaction: &{0x14000b85050 <nil> 0 0x14000bf21c0 1}" func="horse.go:58" file="wildwest/internal/repository.(*horseRepository).Update()"
time="2024-06-25T12:47:50+03:00" level=error msg="Failed to update horse and money:failed to commit transaction: %!w(*gorm.DB=&{0x14000b85050 <nil> 0 0x14000bf21c0 1})" func="horse.go:66" file="wildwest/internal/service.(*horseService).UpgradeHorse()"
time="2024-06-25T12:51:28+03:00" level=info msg="logger initialized" func="main.go:27" file="main.main()"
time="2024-06-25T12:51:46+03:00" level=error msg="error: ERROR: duplicate key value violates unique constraint \"users_pkey\" (SQLSTATE 23505)" func="base.go:38" file="wildwest/internal/repository.(*BaseRepository).Create()"
time="2024-06-25T12:51:46+03:00" level=error msg="Failed to create user: ERROR: duplicate key value violates unique constraint \"users_pkey\" (SQLSTATE 23505)" func="user.go:38" file="wildwest/internal/service.(*userService).RegisterUser()"
time="2024-06-25T12:53:38+03:00" level=info msg="logger initialized" func="main.go:27" file="main.main()"
time="2024-06-25T12:54:01+03:00" level=error msg="Failed to commit transaction: &{0x140001d22d0 <nil> 0 0x14000509180 1}" func="horse.go:58" file="wildwest/internal/repository.(*horseRepository).Update()"
time="2024-06-25T12:54:01+03:00" level=error msg="Failed to update horse and money:failed to commit transaction: %!w(*gorm.DB=&{0x140001d22d0 <nil> 0 0x14000509180 1})" func="horse.go:66" file="wildwest/internal/service.(*horseService).UpgradeHorse()"
time="2024-06-25T12:54:42+03:00" level=info msg="logger initialized" func="main.go:27" file="main.main()"
time="2024-06-25T12:54:50+03:00" level=error msg="Failed to commit transaction: &{0x14000c04120 <nil> 0 0x140005848c0 1}" func="horse.go:58" file="wildwest/internal/repository.(*horseRepository).Update()"
time="2024-06-25T12:54:50+03:00" level=error msg="Failed to update horse and money:failed to commit transaction: %!w(*gorm.DB=&{0x14000c04120 <nil> 0 0x140005848c0 1})" func="horse.go:66" file="wildwest/internal/service.(*horseService).UpgradeHorse()"
time="2024-06-25T12:59:07+03:00" level=info msg="logger initialized" func="main.go:27" file="main.main()"
time="2024-06-25T12:59:11+03:00" level=error msg="error updating record: ERROR: relation \"horses\" does not exist (SQLSTATE 42P01)" func="base.go:51" file="wildwest/internal/repository.(*BaseRepository).Update()"
time="2024-06-25T12:59:11+03:00" level=error msg="Failed to update horse and money:ERROR: relation \"horses\" does not exist (SQLSTATE 42P01)" func="horse.go:66" file="wildwest/internal/service.(*horseService).UpgradeHorse()"
time="2024-06-25T12:59:24+03:00" level=info msg="logger initialized" func="main.go:27" file="main.main()"
time="2024-06-25T13:01:45+03:00" level=info msg="logger initialized" func="main.go:27" file="main.main()"
time="2024-06-25T13:02:28+03:00" level=info msg="logger initialized" func="main.go:27" file="main.main()"
time="2024-06-25T13:05:46+03:00" level=info msg="logger initialized" func="main.go:27" file="main.main()"
time="2024-06-25T13:05:49+03:00" level=error msg="error updating record: ERROR: relation \"horses\" does not exist (SQLSTATE 42P01)" func="base.go:51" file="wildwest/internal/repository.(*BaseRepository).Update()"
time="2024-06-25T13:05:49+03:00" level=error msg="Failed to update horse and money:ERROR: relation \"horses\" does not exist (SQLSTATE 42P01)" func="horse.go:67" file="wildwest/internal/service.(*horseService).UpgradeHorse()"
time="2024-06-25T13:05:57+03:00" level=info msg="logger initialized" func="main.go:27" file="main.main()"
time="2024-06-25T13:05:58+03:00" level=error msg="Failed to update horse and money:no money record found to update" func="horse.go:67" file="wildwest/internal/service.(*horseService).UpgradeHorse()"
time="2024-06-25T13:06:51+03:00" level=error msg="Failed to update horse and money:no money record found to update" func="horse.go:67" file="wildwest/internal/service.(*horseService).UpgradeHorse()"
time="2024-06-25T13:10:55+03:00" level=info msg="logger initialized" func="main.go:27" file="main.main()"
time="2024-06-25T13:10:59+03:00" level=error msg="Not enough silver to upgrade horse" func="horse.go:63" file="wildwest/internal/service.(*horseService).UpgradeHorse()"
time="2024-06-25T13:11:28+03:00" level=info msg="logger initialized" func="main.go:27" file="main.main()"
time="2024-06-25T13:11:29+03:00" level=error msg="Failed to update horse and money:no record found to update for user_id = 1 in table money" func="horse.go:73" file="wildwest/internal/service.(*horseService).UpgradeHorse()"
time="2024-06-25T13:13:02+03:00" level=info msg="logger initialized" func="main.go:27" file="main.main()"
time="2024-06-25T13:16:45+03:00" level=info msg="logger initialized" func="main.go:27" file="main.main()"
time="2024-06-25T13:37:52+03:00" level=info msg="logger initialized" func="main.go:27" file="main.main()"
time="2024-06-25T13:38:05+03:00" level=error msg="error: ERROR: duplicate key value violates unique constraint \"users_pkey\" (SQLSTATE 23505)" func="base.go:39" file="wildwest/internal/repository.(*BaseRepository).Create()"
time="2024-06-25T13:38:05+03:00" level=error msg="Failed to create user: failed to create user: ERROR: duplicate key value violates unique constraint \"users_pkey\" (SQLSTATE 23505)" func="user.go:45" file="wildwest/internal/service.(*userService).RegisterUser()"
time="2024-06-25T13:38:13+03:00" level=error msg="error: ERROR: relation \"horses\" does not exist (SQLSTATE 42P01)" func="base.go:39" file="wildwest/internal/repository.(*BaseRepository).Create()"
time="2024-06-25T13:38:13+03:00" level=error msg="Failed to create user: failed to create horse: ERROR: relation \"horses\" does not exist (SQLSTATE 42P01)" func="user.go:45" file="wildwest/internal/service.(*userService).RegisterUser()"
time="2024-06-25T13:38:25+03:00" level=error msg="error: ERROR: relation \"horses\" does not exist (SQLSTATE 42P01)" func="base.go:39" file="wildwest/internal/repository.(*BaseRepository).Create()"
time="2024-06-25T13:38:25+03:00" level=error msg="Failed to create user: failed to create horse: ERROR: relation \"horses\" does not exist (SQLSTATE 42P01)" func="user.go:45" file="wildwest/internal/service.(*userService).RegisterUser()"
time="2024-06-25T13:38:31+03:00" level=info msg="logger initialized" func="main.go:27" file="main.main()"
time="2024-06-25T14:17:44+03:00" level=info msg="logger initialized" func="main.go:27" file="main.main()"
time="2024-06-25T15:12:09+03:00" level=info msg="logger initialized" func="main.go:27" file="main.main()"
time="2024-06-25T15:14:42+03:00" level=info msg="logger initialized" func="main.go:27" file="main.main()"
time="2024-06-25T15:16:37+03:00" level=info msg="logger initialized" func="main.go:27" file="main.main()"
time="2024-06-25T15:19:04+03:00" level=info msg="logger initialized" func="main.go:27" file="main.main()"
time="2024-06-25T15:19:37+03:00" level=info msg="logger initialized" func="main.go:27" file="main.main()"
time="2024-06-26T11:42:56+03:00" level=info msg="logger initialized" func="main.go:27" file="main.main()"
time="2024-06-26T11:42:56+03:00" level=error msg="failed to connect to `user=postgres database=postgres`:\n\t[::1]:5432 (localhost): dial error: dial tcp [::1]:5432: connect: connection refused\n\t127.0.0.1:5432 (localhost): dial error: dial tcp 127.0.0.1:5432: connect: connection refused" func="main.go:31" file="main.main()"
time="2024-06-27T18:24:18+03:00" level=info msg="logger initialized" func="main.go:26" file="main.main()"
time="2024-06-27T18:24:46+03:00" level=info msg="logger initialized" func="main.go:26" file="main.main()"
time="2024-06-27T18:27:36+03:00" level=info msg="logger initialized" func="main.go:26" file="main.main()"
time="2024-06-27T18:27:39+03:00" level=error msg="Operation ID 8f078286-02e2-4217-bca1-374460751c89: no record found horse" func="horse.go:56" file="wildwest/internal/handler.(*horseHandler).GetHorse()"
time="2024-06-27T18:48:48+03:00" level=info msg="logger initialized" func="main.go:26" file="main.main()"
time="2024-06-27T18:55:00+03:00" level=info msg="logger initialized" func="main.go:26" file="main.main()"
time="2024-06-27T18:57:01+03:00" level=info msg="logger initialized" func="main.go:26" file="main.main()"
time="2024-06-27T18:59:31+03:00" level=info msg="logger initialized" func="main.go:26" file="main.main()"
time="2024-06-27T19:00:48+03:00" level=info msg="logger initialized" func="main.go:26" file="main.main()"
time="2024-06-27T19:01:22+03:00" level=error msg="Operation Name GetHorse, Operation ID 2dc13a73-5930-416f-9fdd-2c76eab54b17, User ID unknown : no record found horse" func="horse.go:52" file="wildwest/internal/handler.(*horseHandler).GetHorse()"
time="2024-06-27T21:33:37+03:00" level=info msg="logger initialized" func="main.go:26" file="main.main()"
time="2024-06-30T15:54:43+03:00" level=info msg="logger initialized" func="main.go:26" file="main.main()"
time="2024-06-30T15:54:43+03:00" level=error msg="failed to connect to `user=postgres database=postgres`:\n\t[::1]:5432 (localhost): dial error: dial tcp [::1]:5432: connect: connection refused\n\t127.0.0.1:5432 (localhost): dial error: dial tcp 127.0.0.1:5432: connect: connection refused" func="main.go:30" file="main.main()"
time="2024-06-30T15:56:07+03:00" level=info msg="logger initialized" func="main.go:27" file="main.main()"
time="2024-06-30T15:56:07+03:00" level=error msg="failed to connect to `user=postgres database=postgres`:\n\t[::1]:5432 (localhost): dial error: dial tcp [::1]:5432: connect: connection refused\n\t127.0.0.1:5432 (localhost): dial error: dial tcp 127.0.0.1:5432: connect: connection refused" func="main.go:31" file="main.main()"
time="2024-06-30T16:19:34+03:00" level=info msg="logger initialized" func="main.go:26" file="main.main()"
time="2024-06-30T16:19:34+03:00" level=error msg="failed to connect to `user=postgres database=postgres`:\n\t[::1]:5432 (localhost): dial error: dial tcp [::1]:5432: connect: connection refused\n\t127.0.0.1:5432 (localhost): dial error: dial tcp 127.0.0.1:5432: connect: connection refused" func="main.go:30" file="main.main()"
time="2024-06-30T16:21:55+03:00" level=info msg="logger initialized" func="main.go:26" file="main.main()"
time="2024-06-30T16:21:55+03:00" level=error msg="failed to connect to `user=postgres database=postgres`:\n\t[::1]:5432 (localhost): dial error: dial tcp [::1]:5432: connect: connection refused\n\t127.0.0.1:5432 (localhost): dial error: dial tcp 127.0.0.1:5432: connect: connection refused" func="main.go:30" file="main.main()"
time="2024-06-30T16:24:55+03:00" level=info msg="logger initialized" func="main.go:26" file="main.main()"
time="2024-07-01T22:24:12+03:00" level=info msg="logger initialized" func="main.go:26" file="main.main()"
time="2024-07-01T22:25:17+03:00" level=info msg="logger initialized" func="main.go:26" file="main.main()"
time="2024-07-01T22:28:02+03:00" level=info msg="logger initialized" func="main.go:26" file="main.main()"
time="2024-07-01T22:28:28+03:00" level=info msg="logger initialized" func="main.go:26" file="main.main()"
time="2024-07-01T22:28:37+03:00" level=info msg="logger initialized" func="main.go:26" file="main.main()"
time="2024-07-01T22:28:55+03:00" level=error msg="ERROR: relation \"queues\" does not exist (SQLSTATE 42P01)" func="gunfight.go:43" file="wildwest/internal/handler.(*gunfightHandler).FindGame()"
time="2024-07-01T22:29:47+03:00" level=info msg="logger initialized" func="main.go:26" file="main.main()"
time="2024-07-01T22:33:55+03:00" level=info msg="logger initialized" func="main.go:26" file="main.main()"
time="2024-07-02T12:07:51+03:00" level=info msg="logger initialized" func="main.go:26" file="main.main()"
time="2024-07-02T12:08:28+03:00" level=info msg="logger initialized" func="main.go:26" file="main.main()"
time="2024-07-02T12:08:36+03:00" level=info msg="logger initialized" func="main.go:26" file="main.main()"
time="2024-07-02T12:09:49+03:00" level=info msg="logger initialized" func="main.go:26" file="main.main()"
time="2024-07-02T12:11:06+03:00" level=info msg="logger initialized" func="main.go:26" file="main.main()"
time="2024-07-02T12:15:43+03:00" level=info msg="logger initialized" func="main.go:26" file="main.main()"
time="2024-07-02T17:24:21+03:00" level=info msg="logger initialized" func="main.go:27" file="main.main()"
time="2024-07-02T17:24:21+03:00" level=error msg="failed to connect to `user=postgres database=postgres`: [::1]:5432 (localhost): server error: FATAL: password authentication failed for user \"postgres\" (SQLSTATE 28P01)" func="main.go:31" file="main.main()"
time="2024-07-02T17:24:21+03:00" level=error msg="NOAUTH Authentication required." func="main.go:36" file="main.main()"
time="2024-07-02T17:26:01+03:00" level=info msg="logger initialized" func="main.go:27" file="main.main()"
time="2024-07-02T17:26:01+03:00" level=error msg="failed to connect to `user=postgres database=postgres`: [::1]:5432 (localhost): server error: FATAL: password authentication failed for user \"postgres\" (SQLSTATE 28P01)" func="main.go:31" file="main.main()"
time="2024-07-02T17:26:01+03:00" level=error msg="NOAUTH Authentication required." func="main.go:36" file="main.main()"
time="2024-07-02T17:26:29+03:00" level=info msg="logger initialized" func="main.go:27" file="main.main()"
time="2024-07-02T17:26:29+03:00" level=error msg="NOAUTH Authentication required." func="main.go:36" file="main.main()"
time="2024-07-02T17:27:20+03:00" level=info msg="logger initialized" func="main.go:27" file="main.main()"
time="2024-07-02T17:28:09+03:00" level=info msg="logger initialized" func="main.go:27" file="main.main()"
time="2024-07-02T17:28:15+03:00" level=info msg="logger initialized" func="main.go:27" file="main.main()"
time="2024-07-02T17:28:18+03:00" level=error msg="Failed to upgrade to WebSocket:websocket: the client is not using the websocket protocol: 'upgrade' token not found in 'Connection' header" func="gunfight.go:46" file="wildwest/internal/handler.(*gunfightHandler).FindGunfight()"
time="2024-07-02T17:32:12+03:00" level=info msg="logger initialized" func="main.go:27" file="main.main()"
time="2024-07-02T17:32:20+03:00" level=error msg="Failed to upgrade to WebSocket:websocket: the client is not using the websocket protocol: request method is not GET" func="gunfight.go:46" file="wildwest/internal/handler.(*gunfightHandler).FindGunfight()"
time="2024-07-02T17:40:57+03:00" level=info msg="logger initialized" func="main.go:27" file="main.main()"
time="2024-07-02T17:41:34+03:00" level=info msg="logger initialized" func="main.go:27" file="main.main()"
time="2024-07-02T17:42:00+03:00" level=info msg="logger initialized" func="main.go:27" file="main.main()"
time="2024-07-02T17:44:07+03:00" level=info msg="logger initialized" func="main.go:27" file="main.main()"
time="2024-07-02T17:46:23+03:00" level=info msg="logger initialized" func="main.go:27" file="main.main()"
time="2024-07-02T17:47:31+03:00" level=info msg="logger initialized" func="main.go:27" file="main.main()"
time="2024-07-02T17:48:29+03:00" level=info msg="logger initialized" func="main.go:27" file="main.main()"
time="2024-07-02T17:52:19+03:00" level=info msg="logger initialized" func="main.go:19" file="main.main()"
time="2024-07-02T17:52:58+03:00" level=info msg="logger initialized" func="main.go:19" file="main.main()"
time="2024-07-02T17:53:04+03:00" level=info msg="logger initialized" func="main.go:19" file="main.main()"
time="2024-07-02T17:53:12+03:00" level=info msg="logger initialized" func="main.go:19" file="main.main()"
time="2024-07-02T17:53:20+03:00" level=info msg="logger initialized" func="main.go:19" file="main.main()"
time="2024-07-02T17:55:08+03:00" level=info msg="logger initialized" func="main.go:27" file="main.main()"
time="2024-07-02T18:04:33+03:00" level=info msg="logger initialized" func="main.go:27" file="main.main()"
time="2024-07-02T18:08:20+03:00" level=info msg="logger initialized" func="main.go:27" file="main.main()"
time="2024-07-02T18:09:21+03:00" level=error msg="Failed to read message: websocket: close 1000 (normal)" func="gunfight.go:44" file="wildwest/internal/handler.(*gunfightHandler).FindGunfight()"
time="2024-07-02T18:09:23+03:00" level=info msg="Opponent found for user 2: 6" func="gunfight.go:67" file="wildwest/internal/handler.(*gunfightHandler).FindGunfight()"
time="2024-07-02T18:09:55+03:00" level=info msg="Opponent found for user 1: 2" func="gunfight.go:67" file="wildwest/internal/handler.(*gunfightHandler).FindGunfight()"
time="2024-07-02T18:10:36+03:00" level=error msg="Error finding gunfight: context deadline exceeded" func="gunfight.go:62" file="wildwest/internal/handler.(*gunfightHandler).FindGunfight()"
time="2024-07-02T18:12:50+03:00" level=error msg="Error finding gunfight: context deadline exceeded" func="gunfight.go:62" file="wildwest/internal/handler.(*gunfightHandler).FindGunfight()"
time="2024-07-02T18:13:07+03:00" level=info msg="Opponent found for user 3: 2" func="gunfight.go:67" file="wildwest/internal/handler.(*gunfightHandler).FindGunfight()"
time="2024-07-02T18:16:03+03:00" level=info msg="logger initialized" func="main.go:27" file="main.main()"
time="2024-07-02T18:17:07+03:00" level=error msg="Error finding gunfight: no opponent found within the time limit" func="gunfight.go:57" file="wildwest/internal/handler.(*gunfightHandler).FindGunfight()"
time="2024-07-02T18:17:38+03:00" level=info msg="Opponent found for user 3: 2" func="gunfight.go:62" file="wildwest/internal/handler.(*gunfightHandler).FindGunfight()"
time="2024-07-02T18:18:17+03:00" level=error msg="Error finding gunfight: no opponent found within the time limit" func="gunfight.go:57" file="wildwest/internal/handler.(*gunfightHandler).FindGunfight()"
time="2024-07-02T18:19:34+03:00" level=info msg="logger initialized" func="main.go:27" file="main.main()"
time="2024-07-02T18:19:57+03:00" level=info msg="Opponent found for user 2: 1" func="gunfight.go:62" file="wildwest/internal/handler.(*gunfightHandler).FindGunfight()"
time="2024-07-02T18:20:23+03:00" level=info msg="Opponent found for user 1: 2" func="gunfight.go:62" file="wildwest/internal/handler.(*gunfightHandler).FindGunfight()"
time="2024-07-02T18:20:36+03:00" level=info msg="Opponent found for user 2: 1" func="gunfight.go:62" file="wildwest/internal/handler.(*gunfightHandler).FindGunfight()"
time="2024-07-02T18:20:54+03:00" level=error msg="Error finding gunfight: no opponent found within the time limit" func="gunfight.go:57" file="wildwest/internal/handler.(*gunfightHandler).FindGunfight()"
time="2024-07-02T18:21:05+03:00" level=error msg="Error finding gunfight: no opponent found within the time limit" func="gunfight.go:57" file="wildwest/internal/handler.(*gunfightHandler).FindGunfight()"
time="2024-07-02T18:22:34+03:00" level=info msg="logger initialized" func="main.go:27" file="main.main()"
time="2024-07-02T18:22:42+03:00" level=info msg="Opponent found for user 2: 1" func="gunfight.go:66" file="wildwest/internal/handler.(*gunfightHandler).FindGunfight.func1()"
time="2024-07-02T18:23:39+03:00" level=error msg="Error finding gunfight: no opponent found within the time limit" func="gunfight.go:61" file="wildwest/internal/handler.(*gunfightHandler).FindGunfight.func1()"
time="2024-07-02T18:24:03+03:00" level=info msg="logger initialized" func="main.go:27" file="main.main()"
time="2024-07-02T18:24:09+03:00" level=info msg="Opponent found for user 2: 1" func="gunfight.go:71" file="wildwest/internal/handler.(*gunfightHandler).FindGunfight.func1()"
time="2024-07-02T18:25:06+03:00" level=error msg="Error finding gunfight: no opponent found within the time limit" func="gunfight.go:66" file="wildwest/internal/handler.(*gunfightHandler).FindGunfight.func1()"
time="2024-07-02T18:25:16+03:00" level=info msg="logger initialized" func="main.go:27" file="main.main()"
time="2024-07-02T18:25:23+03:00" level=info msg="Opponent found for user 2: 1" func="gunfight.go:80" file="wildwest/internal/handler.(*gunfightHandler).FindGunfight.func2()"
time="2024-07-02T18:26:22+03:00" level=info msg="logger initialized" func="main.go:27" file="main.main()"
time="2024-07-02T18:26:30+03:00" level=info msg="Opponent found for user 2: 1" func="gunfight.go:92" file="wildwest/internal/handler.(*gunfightHandler).FindGunfight.func2()"
time="2024-07-02T18:26:49+03:00" level=info msg="Opponent found for user 2: 1" func="gunfight.go:92" file="wildwest/internal/handler.(*gunfightHandler).FindGunfight.func2()"
time="2024-07-02T18:27:27+03:00" level=error msg="Error finding gunfight: no opponent found within the time limit" func="gunfight.go:87" file="wildwest/internal/handler.(*gunfightHandler).FindGunfight.func2()"
time="2024-07-02T18:27:43+03:00" level=error msg="Error finding gunfight: no opponent found within the time limit" func="gunfight.go:87" file="wildwest/internal/handler.(*gunfightHandler).FindGunfight.func2()"
time="2024-07-02T18:28:12+03:00" level=info msg="Opponent found for user 1: 1" func="gunfight.go:92" file="wildwest/internal/handler.(*gunfightHandler).FindGunfight.func2()"
time="2024-07-02T18:28:32+03:00" level=info msg="logger initialized" func="main.go:27" file="main.main()"
time="2024-07-02T18:28:42+03:00" level=info msg="Opponent found for user 2: 1" func="gunfight.go:92" file="wildwest/internal/handler.(*gunfightHandler).FindGunfight.func2()"
time="2024-07-02T18:28:53+03:00" level=error msg="Failed to read message: websocket: close 1000 (normal)" func="gunfight.go:65" file="wildwest/internal/handler.(*gunfightHandler).FindGunfight()"
time="2024-07-02T18:28:53+03:00" level=error msg="Error sending close message: websocket: close sent" func="gunfight.go:43" file="wildwest/internal/handler.(*gunfightHandler).FindGunfight.func1()"
time="2024-07-02T18:29:39+03:00" level=error msg="Error finding gunfight: no opponent found within the time limit" func="gunfight.go:87" file="wildwest/internal/handler.(*gunfightHandler).FindGunfight.func2()"
time="2024-07-02T18:30:00+03:00" level=error msg="Error finding gunfight: no opponent found within the time limit" func="gunfight.go:87" file="wildwest/internal/handler.(*gunfightHandler).FindGunfight.func2()"
time="2024-07-02T18:31:06+03:00" level=info msg="logger initialized" func="main.go:27" file="main.main()"
time="2024-07-02T18:31:27+03:00" level=error msg="Error sending close message: websocket: close sent" func="gunfight.go:44" file="wildwest/internal/handler.(*gunfightHandler).FindGunfight.func1()"
time="2024-07-02T18:31:27+03:00" level=info msg="Opponent found for user 1: 1" func="gunfight.go:96" file="wildwest/internal/handler.(*gunfightHandler).FindGunfight.func2()"
time="2024-07-02T18:31:35+03:00" level=info msg="Opponent found for user 2: 1" func="gunfight.go:96" file="wildwest/internal/handler.(*gunfightHandler).FindGunfight.func2()"
time="2024-07-02T18:32:11+03:00" level=error msg="Error finding gunfight: no opponent found within the time limit" func="gunfight.go:91" file="wildwest/internal/handler.(*gunfightHandler).FindGunfight.func2()"
time="2024-07-02T18:32:32+03:00" level=error msg="Error finding gunfight: no opponent found within the time limit" func="gunfight.go:91" file="wildwest/internal/handler.(*gunfightHandler).FindGunfight.func2()"
time="2024-07-02T18:35:14+03:00" level=info msg="logger initialized" func="main.go:27" file="main.main()"
time="2024-07-02T18:35:20+03:00" level=error msg="Unexpected close error: websocket: close 1000 (normal)" func="gunfight.go:84" file="wildwest/internal/handler.(*gunfightHandler).FindGunfight.func2()"
time="2024-07-02T18:35:20+03:00" level=error msg="Error finding gunfight: context canceled" func="gunfight.go:71" file="wildwest/internal/handler.(*gunfightHandler).FindGunfight.func1()"
time="2024-07-02T18:35:20+03:00" level=error msg="Connection closed by client" func="gunfight.go:107" file="wildwest/internal/handler.(*gunfightHandler).FindGunfight()"
time="2024-07-02T18:35:38+03:00" level=error msg="Error finding gunfight: context canceled" func="gunfight.go:71" file="wildwest/internal/handler.(*gunfightHandler).FindGunfight.func1()"
time="2024-07-02T18:35:38+03:00" level=error msg="Connection closed by client" func="gunfight.go:107" file="wildwest/internal/handler.(*gunfightHandler).FindGunfight()"
time="2024-07-02T18:35:38+03:00" level=info msg="Opponent found for user 2: 1" func="gunfight.go:76" file="wildwest/internal/handler.(*gunfightHandler).FindGunfight.func1()"
time="2024-07-02T18:35:53+03:00" level=error msg="Unexpected close error: websocket: close 1000 (normal)" func="gunfight.go:84" file="wildwest/internal/handler.(*gunfightHandler).FindGunfight.func2()"
time="2024-07-02T18:35:53+03:00" level=error msg="Connection closed by client" func="gunfight.go:107" file="wildwest/internal/handler.(*gunfightHandler).FindGunfight()"
time="2024-07-02T18:35:53+03:00" level=error msg="Error finding gunfight: context canceled" func="gunfight.go:71" file="wildwest/internal/handler.(*gunfightHandler).FindGunfight.func1()"
time="2024-07-02T18:36:04+03:00" level=error msg="Unexpected close error: websocket: close 1000 (normal)" func="gunfight.go:84" file="wildwest/internal/handler.(*gunfightHandler).FindGunfight.func2()"
time="2024-07-02T18:36:07+03:00" level=error msg="Unexpected close error: websocket: close 1000 (normal)" func="gunfight.go:84" file="wildwest/internal/handler.(*gunfightHandler).FindGunfight.func2()"
time="2024-07-02T18:36:07+03:00" level=error msg="Error finding gunfight: context canceled" func="gunfight.go:71" file="wildwest/internal/handler.(*gunfightHandler).FindGunfight.func1()"
time="2024-07-02T18:36:07+03:00" level=error msg="Connection closed by client" func="gunfight.go:107" file="wildwest/internal/handler.(*gunfightHandler).FindGunfight()"
time="2024-07-02T18:36:12+03:00" level=error msg="Connection closed by client" func="gunfight.go:107" file="wildwest/internal/handler.(*gunfightHandler).FindGunfight()"
time="2024-07-02T18:36:12+03:00" level=error msg="Error finding gunfight: context canceled" func="gunfight.go:71" file="wildwest/internal/handler.(*gunfightHandler).FindGunfight.func1()"
time="2024-07-02T18:36:12+03:00" level=info msg="Opponent found for user 2: 1" func="gunfight.go:76" file="wildwest/internal/handler.(*gunfightHandler).FindGunfight.func1()"
time="2024-07-02T18:37:00+03:00" level=error msg="Unexpected close error: websocket: close 1000 (normal)" func="gunfight.go:84" file="wildwest/internal/handler.(*gunfightHandler).FindGunfight.func2()"
time="2024-07-02T18:38:04+03:00" level=info msg="logger initialized" func="main.go:27" file="main.main()"
time="2024-07-02T18:38:11+03:00" level=error msg="Connection closed by client" func="gunfight.go:107" file="wildwest/internal/handler.(*gunfightHandler).FindGunfight()"
time="2024-07-02T18:38:11+03:00" level=error msg="Error finding gunfight: context canceled" func="gunfight.go:71" file="wildwest/internal/handler.(*gunfightHandler).FindGunfight.func1()"
time="2024-07-02T18:38:11+03:00" level=info msg="Opponent found for user 2: 1" func="gunfight.go:76" file="wildwest/internal/handler.(*gunfightHandler).FindGunfight.func1()"
time="2024-07-02T18:38:15+03:00" level=error msg="Unexpected close error: websocket: close 1000 (normal)" func="gunfight.go:84" file="wildwest/internal/handler.(*gunfightHandler).FindGunfight.func2()"
time="2024-07-02T18:38:26+03:00" level=error msg="Unexpected close error: websocket: close 1000 (normal)" func="gunfight.go:84" file="wildwest/internal/handler.(*gunfightHandler).FindGunfight.func2()"
time="2024-07-02T18:38:26+03:00" level=error msg="Connection closed by client" func="gunfight.go:107" file="wildwest/internal/handler.(*gunfightHandler).FindGunfight()"
time="2024-07-02T18:38:26+03:00" level=error msg="Error finding gunfight: context canceled" func="gunfight.go:71" file="wildwest/internal/handler.(*gunfightHandler).FindGunfight.func1()"
time="2024-07-02T18:39:30+03:00" level=error msg="Error finding gunfight: no opponent found within the time limit" func="gunfight.go:71" file="wildwest/internal/handler.(*gunfightHandler).FindGunfight.func1()"
time="2024-07-02T18:40:23+03:00" level=info msg="logger initialized" func="main.go:27" file="main.main()"
time="2024-07-02T18:40:33+03:00" level=info msg="Opponent found for user 2: 1" func="gunfight.go:76" file="wildwest/internal/handler.(*gunfightHandler).FindGunfight.func1()"
time="2024-07-02T18:40:46+03:00" level=info msg="logger initialized" func="main.go:27" file="main.main()"
time="2024-07-02T18:40:53+03:00" level=error msg="Connection closed by client" func="gunfight.go:107" file="wildwest/internal/handler.(*gunfightHandler).FindGunfight()"
time="2024-07-02T18:40:53+03:00" level=error msg="Error finding gunfight: context canceled" func="gunfight.go:71" file="wildwest/internal/handler.(*gunfightHandler).FindGunfight.func1()"
time="2024-07-02T18:40:53+03:00" level=info msg="Opponent found for user 2: 1" func="gunfight.go:76" file="wildwest/internal/handler.(*gunfightHandler).FindGunfight.func1()"
time="2024-07-02T18:40:57+03:00" level=error msg="Unexpected close error: websocket: close 1000 (normal)" func="gunfight.go:84" file="wildwest/internal/handler.(*gunfightHandler).FindGunfight.func2()"
time="2024-07-02T18:42:03+03:00" level=error msg="Error finding gunfight: no opponent found within the time limit" func="gunfight.go:71" file="wildwest/internal/handler.(*gunfightHandler).FindGunfight.func1()"
time="2024-07-02T18:43:17+03:00" level=info msg="logger initialized" func="main.go:27" file="main.main()"
time="2024-07-02T18:43:26+03:00" level=info msg="Opponent found for user 2: 1" func="gunfight.go:92" file="wildwest/internal/handler.(*gunfightHandler).FindGunfight.func2()"
time="2024-07-02T18:43:36+03:00" level=info msg="Opponent found for user 1: 2" func="gunfight.go:92" file="wildwest/internal/handler.(*gunfightHandler).FindGunfight.func2()"
time="2024-07-02T18:44:22+03:00" level=error msg="Error finding gunfight: no opponent found within the time limit" func="gunfight.go:87" file="wildwest/internal/handler.(*gunfightHandler).FindGunfight.func2()"
time="2024-07-02T18:44:30+03:00" level=error msg="Error finding gunfight: no opponent found within the time limit" func="gunfight.go:87" file="wildwest/internal/handler.(*gunfightHandler).FindGunfight.func2()"
time="2024-07-02T18:44:44+03:00" level=error msg="Error finding gunfight: no opponent found within the time limit" func="gunfight.go:87" file="wildwest/internal/handler.(*gunfightHandler).FindGunfight.func2()"
time="2024-07-02T18:47:24+03:00" level=info msg="logger initialized" func="main.go:27" file="main.main()"
time="2024-07-02T18:47:50+03:00" level=info msg="Opponent found for user 1: 1" func="gunfight.go:78" file="wildwest/internal/handler.(*gunfightHandler).FindGunfight.func1()"
time="2024-07-02T18:48:00+03:00" level=info msg="Opponent found for user 2: 1" func="gunfight.go:78" file="wildwest/internal/handler.(*gunfightHandler).FindGunfight.func1()"
time="2024-07-02T18:48:14+03:00" level=info msg="Opponent found for user 2: 2" func="gunfight.go:78" file="wildwest/internal/handler.(*gunfightHandler).FindGunfight.func1()"
time="2024-07-02T18:48:31+03:00" level=info msg="No opponent found within the time limit" func="gunfight.go:99" file="wildwest/internal/handler.(*gunfightHandler).FindGunfight()"
time="2024-07-02T18:48:31+03:00" level=error msg="Error finding gunfight: context canceled" func="gunfight.go:72" file="wildwest/internal/handler.(*gunfightHandler).FindGunfight.func1()"
time="2024-07-02T18:48:57+03:00" level=info msg="No opponent found within the time limit" func="gunfight.go:99" file="wildwest/internal/handler.(*gunfightHandler).FindGunfight()"
time="2024-07-02T18:48:57+03:00" level=error msg="Error finding gunfight: context canceled" func="gunfight.go:72" file="wildwest/internal/handler.(*gunfightHandler).FindGunfight.func1()"
time="2024-07-02T18:49:08+03:00" level=info msg="No opponent found within the time limit" func="gunfight.go:99" file="wildwest/internal/handler.(*gunfightHandler).FindGunfight()"
time="2024-07-02T18:49:08+03:00" level=error msg="Error finding gunfight: context canceled" func="gunfight.go:72" file="wildwest/internal/handler.(*gunfightHandler).FindGunfight.func1()"
time="2024-07-02T18:49:16+03:00" level=info msg="No opponent found within the time limit" func="gunfight.go:99" file="wildwest/internal/handler.(*gunfightHandler).FindGunfight()"
time="2024-07-02T18:49:16+03:00" level=error msg="Error finding gunfight: context canceled" func="gunfight.go:72" file="wildwest/internal/handler.(*gunfightHandler).FindGunfight.func1()"
time="2024-07-02T18:50:31+03:00" level=info msg="logger initialized" func="main.go:27" file="main.main()"
time="2024-07-02T18:50:35+03:00" level=info msg="Opponent found for user 2: 2" func="gunfight.go:78" file="wildwest/internal/handler.(*gunfightHandler).FindGunfight.func1()"
time="2024-07-02T18:51:37+03:00" level=info msg="No opponent found within the time limit" func="gunfight.go:102" file="wildwest/internal/handler.(*gunfightHandler).FindGunfight()"
time="2024-07-02T18:51:37+03:00" level=error msg="Error finding gunfight: no opponent found within the time limit" func="gunfight.go:72" file="wildwest/internal/handler.(*gunfightHandler).FindGunfight.func1()"
time="2024-07-02T18:51:52+03:00" level=info msg="logger initialized" func="main.go:27" file="main.main()"
time="2024-07-02T18:51:55+03:00" level=error msg="Failed to read message: websocket: close 1000 (normal)" func="gunfight.go:45" file="wildwest/internal/handler.(*gunfightHandler).FindGunfight()"
time="2024-07-02T18:52:12+03:00" level=info msg="Opponent found for user 2: 2" func="gunfight.go:78" file="wildwest/internal/handler.(*gunfightHandler).FindGunfight.func1()"
time="2024-07-02T18:53:03+03:00" level=info msg="No opponent found within the time limit" func="gunfight.go:102" file="wildwest/internal/handler.(*gunfightHandler).FindGunfight()"
time="2024-07-02T18:53:03+03:00" level=error msg="Error finding gunfight: context canceled" func="gunfight.go:72" file="wildwest/internal/handler.(*gunfightHandler).FindGunfight.func1()"
time="2024-07-02T18:53:19+03:00" level=info msg="No opponent found within the time limit" func="gunfight.go:102" file="wildwest/internal/handler.(*gunfightHandler).FindGunfight()"
time="2024-07-02T18:53:19+03:00" level=error msg="Error finding gunfight: context canceled" func="gunfight.go:72" file="wildwest/internal/handler.(*gunfightHandler).FindGunfight.func1()"
time="2024-07-02T18:53:42+03:00" level=info msg="logger initialized" func="main.go:27" file="main.main()"
time="2024-07-02T18:53:45+03:00" level=info msg="Opponent found for user 2: 2" func="gunfight.go:78" file="wildwest/internal/handler.(*gunfightHandler).FindGunfight.func1()"
time="2024-07-02T18:53:49+03:00" level=error msg="Unexpected close error: websocket: close 1000 (normal)" func="gunfight.go:86" file="wildwest/internal/handler.(*gunfightHandler).FindGunfight.func2()"
time="2024-07-02T18:53:49+03:00" level=error msg="Connection closed by client" func="gunfight.go:112" file="wildwest/internal/handler.(*gunfightHandler).FindGunfight()"
time="2024-07-02T18:53:49+03:00" level=error msg="Error finding gunfight: context canceled" func="gunfight.go:72" file="wildwest/internal/handler.(*gunfightHandler).FindGunfight.func1()"
time="2024-07-02T18:54:00+03:00" level=error msg="Unexpected close error: websocket: close 1000 (normal)" func="gunfight.go:86" file="wildwest/internal/handler.(*gunfightHandler).FindGunfight.func2()"
time="2024-07-02T18:54:00+03:00" level=error msg="Error finding gunfight: context canceled" func="gunfight.go:72" file="wildwest/internal/handler.(*gunfightHandler).FindGunfight.func1()"
time="2024-07-02T18:54:00+03:00" level=error msg="Connection closed by client" func="gunfight.go:112" file="wildwest/internal/handler.(*gunfightHandler).FindGunfight()"
time="2024-07-05T11:10:35+03:00" level=info msg="logger initialized" func="main.go:27" file="main.main()"
time="2024-07-05T11:10:35+03:00" level=error msg="failed to connect to `user=user database=wildwest`:\n\t[::1]:5432 (localhost): dial error: dial tcp [::1]:5432: connect: connection refused\n\t127.0.0.1:5432 (localhost): dial error: dial tcp 127.0.0.1:5432: connect: connection refused" func="main.go:31" file="main.main()"
time="2024-07-05T11:10:35+03:00" level=error msg="dial tcp [::1]:6379: connect: connection refused" func="main.go:36" file="main.main()"
time="2024-07-05T11:42:08+03:00" level=info msg="logger initialized" func="main.go:27" file="main.main()"
time="2024-07-05T11:42:09+03:00" level=error msg="failed to connect to `user=user database=wildwest`:\n\t[::1]:5432 (localhost): dial error: dial tcp [::1]:5432: connect: connection refused\n\t127.0.0.1:5432 (localhost): dial error: dial tcp 127.0.0.1:5432: connect: connection refused" func="main.go:31" file="main.main()"
time="2024-07-05T11:42:09+03:00" level=error msg="dial tcp [::1]:6379: connect: connection refused" func="main.go:36" file="main.main()"
time="2024-07-05T11:44:09+03:00" level=info msg="logger initialized" func="main.go:27" file="main.main()"
time="2024-07-05T11:45:11+03:00" level=info msg="logger initialized" func="main.go:27" file="main.main()"
time="2024-07-05T11:46:15+03:00" level=info msg="No opponent found within the time limit" func="gunfight.go:98" file="wildwest/internal/handler.(*gunfightHandler).handleConnection()"
time="2024-07-05T11:46:15+03:00" level=error msg="Error finding gunfight: no opponent found within the time limit" func="gunfight.go:108" file="wildwest/internal/handler.(*gunfightHandler).waitForOpponent()"
time="2024-07-05T11:48:45+03:00" level=info msg="logger initialized" func="main.go:27" file="main.main()"
time="2024-07-05T11:53:52+03:00" level=info msg="logger initialized" func="main.go:27" file="main.main()"
time="2024-07-05T11:54:01+03:00" level=error msg="Failed to send opponent ID: channel is closed" func="gunfight.go:112" file="wildwest/internal/handler.(*gunfightHandler).waitForOpponent()"
time="2024-07-05T11:54:59+03:00" level=info msg="No opponent found within the time limit" func="gunfight.go:97" file="wildwest/internal/handler.(*gunfightHandler).handleConnection()"
time="2024-07-05T11:54:59+03:00" level=error msg="Error finding gunfight: context canceled" func="gunfight.go:107" file="wildwest/internal/handler.(*gunfightHandler).waitForOpponent()"
time="2024-07-05T11:55:53+03:00" level=error msg="Failed to send opponent ID: channel is closed" func="gunfight.go:112" file="wildwest/internal/handler.(*gunfightHandler).waitForOpponent()"
time="2024-07-05T11:56:20+03:00" level=info msg="No opponent found within the time limit" func="gunfight.go:97" file="wildwest/internal/handler.(*gunfightHandler).handleConnection()"
time="2024-07-05T11:56:20+03:00" level=error msg="Error finding gunfight: context canceled" func="gunfight.go:107" file="wildwest/internal/handler.(*gunfightHandler).waitForOpponent()"
time="2024-07-05T11:56:38+03:00" level=info msg="No opponent found within the time limit" func="gunfight.go:97" file="wildwest/internal/handler.(*gunfightHandler).handleConnection()"
time="2024-07-05T11:56:38+03:00" level=error msg="Error finding gunfight: context canceled" func="gunfight.go:107" file="wildwest/internal/handler.(*gunfightHandler).waitForOpponent()"
time="2024-07-05T11:56:49+03:00" level=info msg="No opponent found within the time limit" func="gunfight.go:97" file="wildwest/internal/handler.(*gunfightHandler).handleConnection()"
time="2024-07-05T11:56:49+03:00" level=error msg="Error finding gunfight: context canceled" func="gunfight.go:107" file="wildwest/internal/handler.(*gunfightHandler).waitForOpponent()"
time="2024-07-05T12:05:14+03:00" level=info msg="logger initialized" func="main.go:27" file="main.main()"
time="2024-07-05T12:07:08+03:00" level=info msg="logger initialized" func="main.go:27" file="main.main()"
time="2024-07-05T12:07:15+03:00" level=error msg="Failed to send opponent ID: channel is closed" func="gunfight.go:112" file="wildwest/internal/handler.(*gunfightHandler).waitForOpponent()"
time="2024-07-05T12:07:20+03:00" level=error msg="Failed to read message: websocket: close 1000 (normal)" func="gunfight.go:72" file="wildwest/internal/handler.(*gunfightHandler).readUserID()"
time="2024-07-05T12:07:47+03:00" level=error msg="Failed to send opponent ID: channel is closed" func="gunfight.go:112" file="wildwest/internal/handler.(*gunfightHandler).waitForOpponent()"
time="2024-07-05T12:08:12+03:00" level=info msg="No opponent found within the time limit" func="gunfight.go:97" file="wildwest/internal/handler.(*gunfightHandler).handleConnection()"
time="2024-07-05T12:08:12+03:00" level=error msg="Error finding gunfight: context canceled" func="gunfight.go:107" file="wildwest/internal/handler.(*gunfightHandler).waitForOpponent()"
time="2024-07-05T12:08:26+03:00" level=info msg="No opponent found within the time limit" func="gunfight.go:97" file="wildwest/internal/handler.(*gunfightHandler).handleConnection()"
time="2024-07-05T12:08:26+03:00" level=error msg="Error finding gunfight: context canceled" func="gunfight.go:107" file="wildwest/internal/handler.(*gunfightHandler).waitForOpponent()"
time="2024-07-05T12:08:41+03:00" level=info msg="No opponent found within the time limit" func="gunfight.go:97" file="wildwest/internal/handler.(*gunfightHandler).handleConnection()"
time="2024-07-05T12:08:41+03:00" level=error msg="Error finding gunfight: context canceled" func="gunfight.go:107" file="wildwest/internal/handler.(*gunfightHandler).waitForOpponent()"
time="2024-07-05T12:09:33+03:00" level=error msg="Failed to read message: websocket: close 1000 (normal)" func="gunfight.go:72" file="wildwest/internal/handler.(*gunfightHandler).readUserID()"
time="2024-07-05T12:10:35+03:00" level=info msg="No opponent found within the time limit" func="gunfight.go:97" file="wildwest/internal/handler.(*gunfightHandler).handleConnection()"
time="2024-07-05T12:10:35+03:00" level=error msg="Error finding gunfight: context canceled" func="gunfight.go:107" file="wildwest/internal/handler.(*gunfightHandler).waitForOpponent()"
time="2024-07-05T12:17:34+03:00" level=info msg="No opponent found within the time limit" func="gunfight.go:97" file="wildwest/internal/handler.(*gunfightHandler).handleConnection()"
time="2024-07-05T12:17:34+03:00" level=error msg="Error finding gunfight: no opponent found within the time limit" func="gunfight.go:107" file="wildwest/internal/handler.(*gunfightHandler).waitForOpponent()"
time="2024-07-05T12:25:28+03:00" level=info msg="logger initialized" func="main.go:27" file="main.main()"
time="2024-07-05T12:25:32+03:00" level=error msg="Failed to send opponent ID: channel is closed" func="gunfight.go:112" file="wildwest/internal/handler.(*gunfightHandler).waitForOpponent()"
time="2024-07-05T12:25:44+03:00" level=error msg="Error finding gunfight: no opponent found within the time limit" func="gunfight.go:107" file="wildwest/internal/handler.(*gunfightHandler).waitForOpponent()"
time="2024-07-05T12:26:04+03:00" level=error msg="Error finding gunfight: no opponent found within the time limit" func="gunfight.go:107" file="wildwest/internal/handler.(*gunfightHandler).waitForOpponent()"
time="2024-07-05T12:26:08+03:00" level=info msg="logger initialized" func="main.go:27" file="main.main()"
time="2024-07-05T12:26:44+03:00" level=error msg="Failed to send opponent ID: channel is closed" func="gunfight.go:112" file="wildwest/internal/handler.(*gunfightHandler).waitForOpponent()"
time="2024-07-05T12:27:10+03:00" level=info msg="No opponent found within the time limit" func="gunfight.go:97" file="wildwest/internal/handler.(*gunfightHandler).handleConnection()"
time="2024-07-05T12:27:10+03:00" level=error msg="Error finding gunfight: context canceled" func="gunfight.go:107" file="wildwest/internal/handler.(*gunfightHandler).waitForOpponent()"
time="2024-07-05T12:27:19+03:00" level=info msg="No opponent found within the time limit" func="gunfight.go:97" file="wildwest/internal/handler.(*gunfightHandler).handleConnection()"
time="2024-07-05T12:27:19+03:00" level=error msg="Error finding gunfight: context canceled" func="gunfight.go:107" file="wildwest/internal/handler.(*gunfightHandler).waitForOpponent()"
time="2024-07-05T12:27:42+03:00" level=info msg="No opponent found within the time limit" func="gunfight.go:97" file="wildwest/internal/handler.(*gunfightHandler).handleConnection()"
time="2024-07-05T12:27:42+03:00" level=error msg="Error finding gunfight: context canceled" func="gunfight.go:107" file="wildwest/internal/handler.(*gunfightHandler).waitForOpponent()"
time="2024-07-05T12:28:49+03:00" level=info msg="logger initialized" func="main.go:27" file="main.main()"
time="2024-07-05T12:28:54+03:00" level=info msg="logger initialized" func="main.go:27" file="main.main()"
time="2024-07-05T12:29:01+03:00" level=error msg="Failed to send opponent ID: channel is closed" func="gunfight.go:112" file="wildwest/internal/handler.(*gunfightHandler).waitForOpponent()"
time="2024-07-05T12:29:58+03:00" level=info msg="No opponent found within the time limit" func="gunfight.go:97" file="wildwest/internal/handler.(*gunfightHandler).handleConnection()"
time="2024-07-05T12:29:58+03:00" level=error msg="Error finding gunfight: context canceled" func="gunfight.go:107" file="wildwest/internal/handler.(*gunfightHandler).waitForOpponent()"
time="2024-07-05T12:31:10+03:00" level=info msg="logger initialized" func="main.go:27" file="main.main()"
time="2024-07-05T12:31:16+03:00" level=error msg="Failed to send opponent ID: attempt to send on closed channel" func="gunfight.go:112" file="wildwest/internal/handler.(*gunfightHandler).waitForOpponent()"
time="2024-07-05T12:32:11+03:00" level=info msg="logger initialized" func="main.go:27" file="main.main()"
time="2024-07-05T12:32:49+03:00" level=info msg="logger initialized" func="main.go:27" file="main.main()"
time="2024-07-05T12:33:04+03:00" level=info msg="logger initialized" func="main.go:27" file="main.main()"
time="2024-07-05T12:34:06+03:00" level=info msg="No opponent found within the time limit" func="gunfight.go:97" file="wildwest/internal/handler.(*gunfightHandler).handleConnection()"
time="2024-07-05T12:34:06+03:00" level=error msg="Error finding gunfight: context canceled" func="gunfight.go:107" file="wildwest/internal/handler.(*gunfightHandler).waitForOpponent()"
time="2024-07-05T12:34:13+03:00" level=info msg="No opponent found within the time limit" func="gunfight.go:97" file="wildwest/internal/handler.(*gunfightHandler).handleConnection()"
time="2024-07-05T12:34:13+03:00" level=error msg="Error finding gunfight: context canceled" func="gunfight.go:107" file="wildwest/internal/handler.(*gunfightHandler).waitForOpponent()"
time="2024-07-05T12:36:13+03:00" level=info msg="logger initialized" func="main.go:27" file="main.main()"
time="2024-07-05T12:36:17+03:00" level=error msg="Connection error or closed by client: websocket: close 1000 (normal)" func="gunfight.go:126" file="wildwest/internal/handler.(*gunfightHandler).monitorConnection()"
time="2024-07-05T12:36:17+03:00" level=info msg="Connection closed by client or error occurred" func="gunfight.go:97" file="wildwest/internal/handler.(*gunfightHandler).handleConnection()"
time="2024-07-05T12:36:17+03:00" level=error msg="Error finding gunfight: context canceled" func="gunfight.go:110" file="wildwest/internal/handler.(*gunfightHandler).waitForOpponent()"
time="2024-07-05T12:37:37+03:00" level=info msg="No opponent found within the time limit" func="gunfight.go:100" file="wildwest/internal/handler.(*gunfightHandler).handleConnection()"
time="2024-07-05T12:37:37+03:00" level=error msg="Error finding gunfight: context canceled" func="gunfight.go:110" file="wildwest/internal/handler.(*gunfightHandler).waitForOpponent()"
time="2024-07-05T12:37:37+03:00" level=error msg="Connection error or closed by client: read tcp 127.0.0.1:8080->127.0.0.1:50987: use of closed network connection" func="gunfight.go:126" file="wildwest/internal/handler.(*gunfightHandler).monitorConnection()"
time="2024-07-05T12:38:32+03:00" level=info msg="logger initialized" func="main.go:27" file="main.main()"
time="2024-07-05T12:38:35+03:00" level=error msg="Unexpected websocket closure or error for user:1; Error:read tcp 127.0.0.1:8080->127.0.0.1:51017: use of closed network connection" func="gunfight.go:131" file="wildwest/internal/handler.(*gunfightHandler).monitorConnection()"
time="2024-07-05T12:38:39+03:00" level=info msg="Normal websocket closure detected for user:1" func="gunfight.go:129" file="wildwest/internal/handler.(*gunfightHandler).monitorConnection()"
time="2024-07-05T12:38:39+03:00" level=info msg="Connection handling terminated for user:1" func="gunfight.go:97" file="wildwest/internal/handler.(*gunfightHandler).handleConnection()"
time="2024-07-05T12:38:39+03:00" level=info msg="Gunfight search cancelled for user:1" func="gunfight.go:109" file="wildwest/internal/handler.(*gunfightHandler).waitForOpponent()"
time="2024-07-05T15:53:38+03:00" level=info msg="logger initialized" func="main.go:27" file="main.main()"
time="2024-07-05T15:53:43+03:00" level=error msg="Connection error or closed by client: read tcp 127.0.0.1:8080->127.0.0.1:63790: use of closed network connection" func="gunfight.go:126" file="wildwest/internal/handler.(*gunfightHandler).monitorConnection()"
time="2024-07-05T15:53:53+03:00" level=error msg="Connection error or closed by client: read tcp 127.0.0.1:8080->127.0.0.1:63776: use of closed network connection" func="gunfight.go:126" file="wildwest/internal/handler.(*gunfightHandler).monitorConnection()"
time="2024-07-05T15:53:53+03:00" level=error msg="Connection error or closed by client: read tcp 127.0.0.1:8080->127.0.0.1:63878: use of closed network connection" func="gunfight.go:126" file="wildwest/internal/handler.(*gunfightHandler).monitorConnection()"
time="2024-07-05T15:53:53+03:00" level=info msg="Connection closed by client or error occurred" func="gunfight.go:97" file="wildwest/internal/handler.(*gunfightHandler).handleConnection()"
time="2024-07-05T15:53:53+03:00" level=error msg="Error finding gunfight: context canceled" func="gunfight.go:110" file="wildwest/internal/handler.(*gunfightHandler).waitForOpponent()"
time="2024-07-05T15:54:30+03:00" level=error msg="Failed to read message: websocket: close 1000 (normal)" func="gunfight.go:72" file="wildwest/internal/handler.(*gunfightHandler).readUserID()"
time="2024-07-05T15:54:41+03:00" level=error msg="Connection error or closed by client: websocket: close 1000 (normal)" func="gunfight.go:126" file="wildwest/internal/handler.(*gunfightHandler).monitorConnection()"
time="2024-07-05T15:54:41+03:00" level=info msg="Connection closed by client or error occurred" func="gunfight.go:97" file="wildwest/internal/handler.(*gunfightHandler).handleConnection()"
time="2024-07-05T15:54:41+03:00" level=error msg="Error finding gunfight: context canceled" func="gunfight.go:110" file="wildwest/internal/handler.(*gunfightHandler).waitForOpponent()"
time="2024-07-06T13:17:14+03:00" level=info msg="logger initialized" func="main.go:27" file="main.main()"
time="2024-07-06T13:17:14+03:00" level=error msg="failed to connect to `user=user database=wildwest`:\n\t127.0.0.1:5432 (localhost): dial error: dial tcp 127.0.0.1:5432: connect: connection refused\n\t[::1]:5432 (localhost): dial error: dial tcp [::1]:5432: connect: connection refused" func="main.go:31" file="main.main()"
time="2024-07-06T13:17:14+03:00" level=error msg="dial tcp 127.0.0.1:6379: connect: connection refused" func="main.go:36" file="main.main()"
time="2024-07-06T13:23:14+03:00" level=info msg="logger initialized" func="main.go:27" file="main.main()"
time="2024-07-06T13:23:14+03:00" level=error msg="failed to connect to `user=user database=wildwest`:\n\t[::1]:5432 (localhost): dial error: dial tcp [::1]:5432: connect: connection refused\n\t127.0.0.1:5432 (localhost): dial error: dial tcp 127.0.0.1:5432: connect: connection refused" func="main.go:31" file="main.main()"
time="2024-07-06T13:23:14+03:00" level=error msg="dial tcp [::1]:6379: connect: connection refused" func="main.go:36" file="main.main()"
time="2024-07-06T13:23:26+03:00" level=error msg="Could not open websocket connection: websocket: the client is not using the websocket protocol: 'upgrade' token not found in 'Connection' header" func="gunfight.go:73" file="wildwest/internal/handler.(*gunfightHandler).upgradeConnection()"
time="2024-07-06T13:24:49+03:00" level=error msg="Failed to read message: websocket: close 1000 (normal)" func="gunfight.go:83" file="wildwest/internal/handler.(*gunfightHandler).readUserID()"
time="2024-07-06T13:24:53+03:00" level=error msg="Failed to read message: websocket: close 1000 (normal)" func="gunfight.go:83" file="wildwest/internal/handler.(*gunfightHandler).readUserID()"
time="2024-07-06T13:25:13+03:00" level=error msg="Failed to read message: websocket: close 1000 (normal)" func="gunfight.go:83" file="wildwest/internal/handler.(*gunfightHandler).readUserID()"
time="2024-07-06T13:25:18+03:00" level=error msg="Failed to read message: websocket: close 1000 (normal)" func="gunfight.go:83" file="wildwest/internal/handler.(*gunfightHandler).readUserID()"
time="2024-07-06T14:41:11+03:00" level=error msg="open dev.yaml: no such file or directory" func="main.go:32" file="main.main()"
time="2024-07-06T14:41:11+03:00" level=error msg="failed to connect to PostgreSQL: cannot parse `host= user= password=xxxxx dbname= port=0 sslmode=disable TimeZone=Asia/Shanghai`: invalid port (outside range)" func="main.go:39" file="main.main()"
time="2024-07-06T14:41:11+03:00" level=error msg="failed to connect to Redis: dial tcp :0: connect: can't assign requested address" func="main.go:44" file="main.main()"
time="2024-07-06T14:43:13+03:00" level=error msg="open dev.yaml: no such file or directory" func="main.go:32" file="main.main()"
time="2024-07-06T14:43:13+03:00" level=error msg="failed to connect to PostgreSQL: cannot parse `host= user= password=xxxxx dbname= port=0 sslmode=disable TimeZone=Asia/Shanghai`: invalid port (outside range)" func="main.go:39" file="main.main()"
time="2024-07-06T14:43:13+03:00" level=error msg="failed to connect to Redis: dial tcp :0: connect: can't assign requested address" func="main.go:44" file="main.main()"
time="2024-07-06T14:43:50+03:00" level=error msg="open dev.yaml: no such file or directory" func="main.go:32" file="main.main()"
time="2024-07-06T14:43:50+03:00" level=error msg="failed to connect to PostgreSQL: cannot parse `host= user= password=xxxxx dbname= port=0 sslmode=disable TimeZone=Asia/Shanghai`: invalid port (outside range)" func="main.go:39" file="main.main()"
time="2024-07-06T14:43:50+03:00" level=error msg="failed to connect to Redis: dial tcp :0: connect: can't assign requested address" func="main.go:44" file="main.main()"
time="2024-07-06T16:05:20+03:00" level=error msg="Operation Name UpgradeHorse, Operation ID 0220ba08-4274-4b50-808c-10efadaadb47, User ID unknown : no record found horse" func="horse.go:98" file="wildwest/internal/handler.(*horseHandler).UpgradeHorse()"
time="2024-07-06T16:05:43+03:00" level=error msg="Operation Name UpgradeHorse, Operation ID b948f332-1ebc-4db7-9888-082fd5828f1a, User ID unknown : no record found horse" func="horse.go:98" file="wildwest/internal/handler.(*horseHandler).UpgradeHorse()"
time="2024-07-06T16:05:43+03:00" level=error msg="Operation Name UpgradeHorse, Operation ID 1d45a361-e5d5-484b-9126-723dbdd7cd32, User ID unknown : no record found horse" func="horse.go:98" file="wildwest/internal/handler.(*horseHandler).UpgradeHorse()"
time="2024-07-06T16:05:44+03:00" level=error msg="Operation Name UpgradeHorse, Operation ID f41a979d-e756-4b12-a043-9e1a0d5eb038, User ID unknown : no record found horse" func="horse.go:98" file="wildwest/internal/handler.(*horseHandler).UpgradeHorse()"
time="2024-07-06T16:05:52+03:00" level=error msg="Operation Name UpgradeHorse, Operation ID 6d6573c8-207c-403d-b9df-2fbded5ea641, User ID unknown : no record found horse" func="horse.go:98" file="wildwest/internal/handler.(*horseHandler).UpgradeHorse()"
time="2024-07-06T16:06:30+03:00" level=error msg="Operation Name UpgradeHorse, Operation ID 55958f18-8dc4-4909-ae02-966da2c9f91f, User ID unknown : no record found horse" func="horse.go:98" file="wildwest/internal/handler.(*horseHandler).UpgradeHorse()"
time="2024-07-12T09:48:30+03:00" level=error msg="Failed to read message: websocket: close 1000 (normal)" func="gunfight.go:83" file="wildwest/internal/handler.(*gunfightHandler).readUserID()"
time="2024-07-12T10:14:05+03:00" level=error msg="Connection error or closed by client: websocket: close 1000 (normal)" func="gunfight.go:137" file="wildwest/internal/handler.(*gunfightHandler).monitorConnection()"
time="2024-07-12T10:14:05+03:00" level=error msg="Error finding gunfight: context canceled" func="gunfight.go:121" file="wildwest/internal/handler.(*gunfightHandler).waitForOpponent()"
time="2024-07-12T10:14:25+03:00" level=error msg="Connection error or closed by client: websocket: close 1000 (normal)" func="gunfight.go:137" file="wildwest/internal/handler.(*gunfightHandler).monitorConnection()"
time="2024-07-12T10:14:25+03:00" level=error msg="Error finding gunfight: context canceled" func="gunfight.go:121" file="wildwest/internal/handler.(*gunfightHandler).waitForOpponent()"
time="2024-07-12T10:14:58+03:00" level=error msg="Connection error or closed by client: read tcp 127.0.0.1:8080->127.0.0.1:51941: use of closed network connection" func="gunfight.go:137" file="wildwest/internal/handler.(*gunfightHandler).monitorConnection()"
time="2024-07-12T10:14:58+03:00" level=error msg="Connection error or closed by client: read tcp 127.0.0.1:8080->127.0.0.1:51947: use of closed network connection" func="gunfight.go:137" file="wildwest/internal/handler.(*gunfightHandler).monitorConnection()"
time="2024-07-12T10:14:58+03:00" level=error msg="Error finding gunfight: context canceled" func="gunfight.go:121" file="wildwest/internal/handler.(*gunfightHandler).waitForOpponent()"
time="2024-07-12T10:15:35+03:00" level=error msg="Connection error or closed by client: websocket: close 1000 (normal)" func="gunfight.go:137" file="wildwest/internal/handler.(*gunfightHandler).monitorConnection()"
time="2024-07-12T10:15:35+03:00" level=error msg="Error finding gunfight: context canceled" func="gunfight.go:121" file="wildwest/internal/handler.(*gunfightHandler).waitForOpponent()"
time="2024-07-12T10:19:07+03:00" level=error msg="Connection error or closed by client: read tcp 127.0.0.1:8080->127.0.0.1:51996: use of closed network connection" func="gunfight.go:145" file="wildwest/internal/handler.(*gunfightHandler).monitorConnection()"
time="2024-07-12T10:19:07+03:00" level=error msg="Error finding gunfight: no opponent found within the time limit" func="gunfight.go:129" file="wildwest/internal/handler.(*gunfightHandler).waitForOpponent()"
time="2024-07-17T16:45:31+03:00" level=error msg="failed to connect to PostgreSQL: cannot parse `host= user= password=xxxxx dbname= port=0 sslmode=disable TimeZone=Europe/Moscow`: invalid port (outside range)" func="main.go:39" file="main.main()"
time="2024-07-17T16:45:31+03:00" level=error msg="failed to connect to Redis: dial tcp :0: connect: can't assign requested address" func="main.go:44" file="main.main()"
time="2024-07-17T16:46:16+03:00" level=error msg="failed to connect to PostgreSQL: cannot parse `host= user= password=xxxxx dbname= port=0 sslmode=disable TimeZone=Europe/Moscow`: invalid port (outside range)" func="main.go:39" file="main.main()"
time="2024-07-17T16:46:16+03:00" level=error msg="failed to connect to Redis: dial tcp :0: connect: can't assign requested address" func="main.go:44" file="main.main()"
time="2024-07-17T17:35:30+03:00" level=error msg="failed to connect to PostgreSQL: failed to connect to `user=user database=wildwest`: hostname resolving error: lookup db: no such host" func="main.go:39" file="main.main()"
time="2024-07-17T17:35:30+03:00" level=error msg="failed to connect to Redis: dial tcp: lookup redis: no such host" func="main.go:44" file="main.main()"
time="2024-07-17T17:35:52+03:00" level=error msg="failed to connect to PostgreSQL: failed to connect to `user=user database=wildwest`:\n\t[::1]:5432 (localhost): dial error: dial tcp [::1]:5432: connect: connection refused\n\t127.0.0.1:5432 (localhost): dial error: dial tcp 127.0.0.1:5432: connect: connection refused" func="main.go:39" file="main.main()"
time="2024-07-17T17:35:52+03:00" level=error msg="failed to connect to Redis: dial tcp [::1]:6379: connect: connection refused" func="main.go:44" file="main.main()"
time="2024-07-17T17:36:05+03:00" level=error msg="failed to connect to PostgreSQL: failed to connect to `user=user database=wildwest`:\n\t[::1]:5432 (localhost): dial error: dial tcp [::1]:5432: connect: connection refused\n\t127.0.0.1:5432 (localhost): dial error: dial tcp 127.0.0.1:5432: connect: connection refused" func="main.go:39" file="main.main()"
time="2024-07-17T17:36:05+03:00" level=error msg="failed to connect to Redis: dial tcp [::1]:6379: connect: connection refused" func="main.go:44" file="main.main()"
time="2024-07-17T21:44:36+03:00" level=error msg="failed to connect to PostgreSQL: cannot parse `host= user= password=xxxxx dbname= port=0 sslmode=disable TimeZone=Europe/Moscow`: invalid port (outside range)" func="main.go:39" file="main.main()"
time="2024-07-17T21:44:36+03:00" level=error msg="failed to connect to Redis: dial tcp :0: connect: can't assign requested address" func="main.go:44" file="main.main()"
time="2024-07-18T16:24:34+03:00" level=error msg="Invalid POSTGRES_PORT: strconv.Atoi: parsing \"\": invalid syntax" func="main.go:32" file="main.main()"
time="2024-07-18T16:24:34+03:00" level=error msg="failed to connect to PostgreSQL: cannot parse `host= user= password=xxxxx dbname= port=0 sslmode=disable TimeZone=Europe/Moscow`: invalid port (outside range)" func="main.go:39" file="main.main()"
time="2024-07-18T16:24:34+03:00" level=error msg="failed to connect to Redis: dial tcp :0: connect: can't assign requested address" func="main.go:44" file="main.main()"
time="2024-07-18T16:26:53+03:00" level=error msg="failed to connect to Redis: dial tcp: lookup redis: no such host" func="main.go:44" file="main.main()"
time="2024-07-18T16:27:31+03:00" level=error msg="Operation Name UpgradeHorse, Operation ID bd9d0b12-7278-4a80-b6ac-ff6bb1d0fc19, User ID unknown : no record found horse" func="horse.go:93" file="wildwest/internal/handler.(*horseHandler).UpgradeHorse()"
time="2024-07-18T16:30:48+03:00" level=error msg="failed to connect to Redis: dial tcp: lookup redis: no such host" func="main.go:44" file="main.main()"
time="2024-07-18T16:31:24+03:00" level=error msg="Operation Name unknown, Operation ID unknown, User ID unknown : no record found horse" func="horse.go:53" file="wildwest/internal/handler.(*horseHandler).GetHorse()"
time="2024-07-18T16:35:10+03:00" level=error msg="Operation Name UpgradeHorse, Operation ID fa86b476-a977-4ec0-b4f6-2c386b3d6f3e, User ID unknown : no record found money" func="money.go:52" file="wildwest/internal/handler.(*moneyHandler).GetMoney()"
time="2024-07-18T16:35:29+03:00" level=error msg="Operation Name UpgradeHorse, Operation ID c3fd9628-3aaf-4342-b7f9-ffa75beaee82, User ID unknown : no record found horse" func="horse.go:93" file="wildwest/internal/handler.(*horseHandler).UpgradeHorse()"
time="2024-07-18T16:37:55+03:00" level=error msg="failed to connect to Redis: dial tcp: lookup redis: no such host" func="main.go:44" file="main.main()"
time="2024-07-18T16:37:57+03:00" level=error msg="Operation Name UpgradeHorse, Operation ID 8cfd10c3-91cb-4e73-9c8e-0e7994c7e5da, User ID unknown : no record found users" func="user.go:79" file="wildwest/internal/handler.(*userHandler).CreateOrUpdateUser()"
time="2024-07-18T16:39:32+03:00" level=error msg="failed to connect to Redis: dial tcp: lookup redis: no such host" func="main.go:44" file="main.main()"
time="2024-07-18T16:40:23+03:00" level=error msg="Operation Name UpgradeHorse, Operation ID a65cd9ab-34da-471f-b5ca-36bb587bb42d, User ID unknown : failed to create users: Operation Name UpgradeHorse, Operation ID a65cd9ab-34da-471f-b5ca-36bb587bb42d, User ID unknown : failed to create users: ERROR: duplicate key value violates unique constraint \"users_pkey\" (SQLSTATE 23505)" func="user.go:79" file="wildwest/internal/handler.(*userHandler).CreateOrUpdateUser()"
time="2024-07-18T16:41:20+03:00" level=error msg="failed to connect to Redis: dial tcp: lookup redis: no such host" func="main.go:44" file="main.main()"
time="2024-07-18T16:41:24+03:00" level=error msg="Operation Name UpgradeHorse, Operation ID 4e679baf-6d7b-44d2-b78a-cb45fec807b7, User ID unknown : failed to create users: Operation Name UpgradeHorse, Operation ID 4e679baf-6d7b-44d2-b78a-cb45fec807b7, User ID unknown : failed to create users: ERROR: duplicate key value violates unique constraint \"users_pkey\" (SQLSTATE 23505)" func="user.go:79" file="wildwest/internal/handler.(*userHandler).CreateOrUpdateUser()"
time="2024-07-18T16:41:56+03:00" level=error msg="failed to connect to Redis: dial tcp: lookup redis: no such host" func="main.go:44" file="main.main()"
time="2024-07-18T16:41:59+03:00" level=error msg="Operation Name UpgradeHorse, Operation ID 52b3830f-e963-46e1-82a8-15b04c8e2eb6, User ID unknown : failed to create users: Operation Name UpgradeHorse, Operation ID 52b3830f-e963-46e1-82a8-15b04c8e2eb6, User ID unknown : failed to create users: ERROR: duplicate key value violates unique constraint \"users_pkey\" (SQLSTATE 23505)" func="user.go:79" file="wildwest/internal/handler.(*userHandler).CreateOrUpdateUser()"
time="2024-07-18T16:42:29+03:00" level=error msg="failed to connect to Redis: dial tcp: lookup redis: no such host" func="main.go:44" file="main.main()"
time="2024-07-18T16:42:31+03:00" level=error msg="Operation Name UpgradeHorse, Operation ID 2c520ac7-099e-4497-a6d3-16a716251c72, User ID unknown : failed to create users: Operation Name UpgradeHorse, Operation ID 2c520ac7-099e-4497-a6d3-16a716251c72, User ID unknown : failed to create users: ERROR: duplicate key value violates unique constraint \"users_pkey\" (SQLSTATE 23505)" func="user.go:79" file="wildwest/internal/handler.(*userHandler).CreateOrUpdateUser()"
time="2024-07-18T16:43:38+03:00" level=error msg="failed to connect to Redis: dial tcp: lookup redis: no such host" func="main.go:44" file="main.main()"
time="2024-07-18T16:52:20+03:00" level=error msg="failed to connect to Redis: dial tcp: lookup redis: no such host" func="main.go:44" file="main.main()"
time="2024-07-18T17:02:02+03:00" level=error msg="failed to connect to Redis: dial tcp: lookup redis: no such host" func="main.go:44" file="main.main()"
time="2024-07-18T17:02:51+03:00" level=error msg="failed to connect to Redis: dial tcp: lookup redis: no such host" func="main.go:44" file="main.main()"
time="2024-07-18T17:04:40+03:00" level=error msg="failed to connect to Redis: dial tcp: lookup redis: no such host" func="main.go:44" file="main.main()"
time="2024-07-18T17:04:43+03:00" level=error msg="failed to connect to Redis: dial tcp: lookup redis: no such host" func="main.go:44" file="main.main()"
time="2024-07-18T17:05:44+03:00" level=error msg="failed to connect to Redis: dial tcp: lookup redis: no such host" func="main.go:44" file="main.main()"
time="2024-07-18T17:07:19+03:00" level=error msg="failed to connect to Redis: dial tcp: lookup redis: no such host" func="main.go:44" file="main.main()"
time="2024-07-19T16:56:53+03:00" level=error msg="Invalid POSTGRES_PORT: strconv.Atoi: parsing \"\": invalid syntax" func="main.go:33" file="main.main()"
time="2024-07-19T16:56:53+03:00" level=error msg="failed to connect to PostgreSQL: cannot parse `host= user= password=xxxxx dbname= port=0 sslmode=disable TimeZone=Europe/Moscow`: invalid port (outside range)" func="main.go:40" file="main.main()"
time="2024-07-19T16:56:53+03:00" level=error msg="failed to connect to Redis: dial tcp :0: connect: can't assign requested address" func="main.go:45" file="main.main()"
time="2024-07-19T21:14:49+03:00" level=error msg="Invalid POSTGRES_PORT: strconv.Atoi: parsing \"\": invalid syntax" func="main.go:33" file="main.main()"
time="2024-07-19T21:14:49+03:00" level=error msg="failed to connect to PostgreSQL: cannot parse `host= user= password=xxxxx dbname= port=0 sslmode=disable TimeZone=Europe/Moscow`: invalid port (outside range)" func="main.go:40" file="main.main()"
time="2024-07-19T21:14:49+03:00" level=error msg="failed to connect to Redis: dial tcp :0: connect: can't assign requested address" func="main.go:45" file="main.main()"
time="2024-07-19T21:17:44+03:00" level=error msg="Invalid POSTGRES_PORT: strconv.Atoi: parsing \"\": invalid syntax" func="main.go:33" file="main.main()"
time="2024-07-19T21:17:44+03:00" level=error msg="failed to connect to PostgreSQL: cannot parse `host= user= password=xxxxx dbname= port=0 sslmode=disable TimeZone=Europe/Moscow`: invalid port (outside range)" func="main.go:40" file="main.main()"
time="2024-07-19T21:17:44+03:00" level=error msg="failed to connect to Redis: dial tcp :0: connect: can't assign requested address" func="main.go:45" file="main.main()"
time="2024-07-19T21:17:56+03:00" level=error msg="Invalid POSTGRES_PORT: strconv.Atoi: parsing \"\": invalid syntax" func="main.go:33" file="main.main()"
time="2024-07-19T21:17:56+03:00" level=error msg="failed to connect to PostgreSQL: cannot parse `host= user= password=xxxxx dbname= port=0 sslmode=disable TimeZone=Europe/Moscow`: invalid port (outside range)" func="main.go:40" file="main.main()"
time="2024-07-19T21:17:56+03:00" level=error msg="failed to connect to Redis: dial tcp :0: connect: can't assign requested address" func="main.go:45" file="main.main()"
time="2024-07-19T21:18:07+03:00" level=error msg="Invalid POSTGRES_PORT: strconv.Atoi: parsing \"\": invalid syntax" func="main.go:33" file="main.main()"
time="2024-07-19T21:18:07+03:00" level=error msg="failed to connect to PostgreSQL: cannot parse `host= user= password=xxxxx dbname= port=0 sslmode=disable TimeZone=Europe/Moscow`: invalid port (outside range)" func="main.go:40" file="main.main()"
time="2024-07-19T21:18:07+03:00" level=error msg="failed to connect to Redis: dial tcp :0: connect: can't assign requested address" func="main.go:45" file="main.main()"
time="2024-07-19T21:18:25+03:00" level=error msg="Invalid POSTGRES_PORT: strconv.Atoi: parsing \"\": invalid syntax" func="main.go:33" file="main.main()"
time="2024-07-19T21:18:25+03:00" level=error msg="failed to connect to PostgreSQL: cannot parse `host= user= password=xxxxx dbname= port=0 sslmode=disable TimeZone=Europe/Moscow`: invalid port (outside range)" func="main.go:40" file="main.main()"
time="2024-07-19T21:18:25+03:00" level=error msg="failed to connect to Redis: dial tcp :0: connect: can't assign requested address" func="main.go:45" file="main.main()"
time="2024-07-24T19:46:19+03:00" level=error msg="invalid POSTGRES_PORT: strconv.Atoi: parsing \"\": invalid syntax" func="main.go:33" file="main.main()"
time="2024-07-24T19:46:19+03:00" level=error msg="failed to connect to PostgreSQL: cannot parse `host= user= password=xxxxx dbname= port=0 sslmode=disable TimeZone=Europe/Moscow`: invalid port (outside range)" func="main.go:40" file="main.main()"
time="2024-07-24T19:46:19+03:00" level=error msg="failed to connect to Redis: dial tcp :0: connect: can't assign requested address" func="main.go:45" file="main.main()"
time="2024-07-24T19:49:15+03:00" level=error msg="failed to connect to PostgreSQL: failed to connect to `user=user database=wildwest`: hostname resolving error: lookup db: no such host" func="main.go:40" file="main.main()"
time="2024-07-24T19:49:15+03:00" level=error msg="failed to connect to Redis: dial tcp: lookup redis: no such host" func="main.go:45" file="main.main()"
time="2024-07-25T14:01:21+03:00" level=error msg="failed to connect to PostgreSQL: failed to connect to `user=user database=wildwest`: hostname resolving error: lookup db: no such host" func="main.go:40" file="main.main()"
time="2024-07-25T14:01:21+03:00" level=error msg="failed to connect to Redis: dial tcp: lookup redis: no such host" func="main.go:45" file="main.main()"
time="2024-07-25T17:40:25+03:00" level=error msg="failed to connect to PostgreSQL: failed to connect to `user=user database=wildwest`: hostname resolving error: lookup db: no such host" func="main.go:38" file="main.main()"
time="2024-07-25T17:41:30+03:00" level=error msg="failed to connect to PostgreSQL: failed to connect to `user=user database=wildwest`: hostname resolving error: lookup db: no such host" func="main.go:38" file="main.main()"
time="2024-07-25T17:42:08+03:00" level=error msg="failed to connect to PostgreSQL: failed to connect to `user=user database=wildwest`: hostname resolving error: lookup db: no such host" func="main.go:38" file="main.main()"
time="2024-07-25T17:44:11+03:00" level=error msg="failed to connect to PostgreSQL: failed to connect to `user=user database=wildwest`: [::1]:5432 (localhost): failed SASL auth: FATAL: password authentication failed for user \"user\" (SQLSTATE 28P01)" func="main.go:38" file="main.main()"
time="2024-07-25T17:44:34+03:00" level=error msg="failed to connect to PostgreSQL: failed to connect to `user=user database=wildwest`: hostname resolving error: lookup db: no such host" func="main.go:38" file="main.main()"
time="2024-07-25T17:44:38+03:00" level=error msg="failed to connect to PostgreSQL: failed to connect to `user=user database=wildwest`: [::1]:5432 (localhost): failed SASL auth: FATAL: password authentication failed for user \"user\" (SQLSTATE 28P01)" func="main.go:38" file="main.main()"
time="2024-07-29T15:43:05+03:00" level=error msg="failed to connect to PostgreSQL: failed to connect to `user=user database=wildwest`: hostname resolving error: lookup db: no such host" func="main.go:40" file="main.main()"
time="2024-07-29T15:43:05+03:00" level=error msg="failed to connect to Redis: dial tcp: lookup redis: no such host" func="main.go:45" file="main.main()"
time="2024-07-29T15:44:43+03:00" level=error msg="failed to connect to Redis: dial tcp [::1]:6379: connect: connection refused" func="main.go:45" file="main.main()"
time="2024-07-29T16:07:26+03:00" level=error msg="Error finding gunfight: context canceled" func="gunfight.go:129" file="wildwest/internal/handler.(*gunfightHandler).waitForOpponent()"
time="2024-07-29T16:07:26+03:00" level=error msg="Connection error or closed by client: read tcp 127.0.0.1:8080->127.0.0.1:58180: use of closed network connection" func="gunfight.go:145" file="wildwest/internal/handler.(*gunfightHandler).monitorConnection()"
time="2024-07-29T16:15:25+03:00" level=error msg="Error finding gunfight: Operation Name FindGunfight, Operation ID a48e34b0-0de0-4b93-87ef-75286e990fec, User ID unknown : failed to create gunfight: ERROR: relation \"gunfight\" does not exist (SQLSTATE 42P01)" func="gunfight.go:129" file="wildwest/internal/handler.(*gunfightHandler).waitForOpponent()"
time="2024-07-29T16:15:25+03:00" level=error msg="Connection error or closed by client: read tcp 127.0.0.1:8080->127.0.0.1:58563: use of closed network connection" func="gunfight.go:145" file="wildwest/internal/handler.(*gunfightHandler).monitorConnection()"
time="2024-07-29T16:15:31+03:00" level=error msg="Error finding gunfight: Operation Name FindGunfight, Operation ID 1195f208-84e9-4b37-a180-616920d88d27, User ID unknown : failed to create gunfight: ERROR: relation \"gunfight\" does not exist (SQLSTATE 42P01)" func="gunfight.go:129" file="wildwest/internal/handler.(*gunfightHandler).waitForOpponent()"
time="2024-07-29T16:15:31+03:00" level=error msg="Connection error or closed by client: read tcp 127.0.0.1:8080->127.0.0.1:58565: use of closed network connection" func="gunfight.go:145" file="wildwest/internal/handler.(*gunfightHandler).monitorConnection()"
time="2024-07-29T16:16:28+03:00" level=error msg="Connection error or closed by client: read tcp 127.0.0.1:8080->127.0.0.1:58564: use of closed network connection" func="gunfight.go:145" file="wildwest/internal/handler.(*gunfightHandler).monitorConnection()"
time="2024-07-29T16:16:28+03:00" level=error msg="Error finding gunfight: no opponent found within the time limit" func="gunfight.go:129" file="wildwest/internal/handler.(*gunfightHandler).waitForOpponent()"
time="2024-07-29T16:17:48+03:00" level=error msg="Error finding gunfight: Operation Name FindGunfight, Operation ID d68344b2-2704-4bc5-8021-818e697f00be, User ID unknown : failed to create gunfight: ERROR: column \"user1_id\" of relation \"gunfight\" does not exist (SQLSTATE 42703)" func="gunfight.go:129" file="wildwest/internal/handler.(*gunfightHandler).waitForOpponent()"
time="2024-07-29T16:17:48+03:00" level=error msg="Connection error or closed by client: read tcp 127.0.0.1:8080->127.0.0.1:58620: use of closed network connection" func="gunfight.go:145" file="wildwest/internal/handler.(*gunfightHandler).monitorConnection()"
time="2024-07-29T16:18:46+03:00" level=error msg="Connection error or closed by client: read tcp 127.0.0.1:8080->127.0.0.1:58619: use of closed network connection" func="gunfight.go:145" file="wildwest/internal/handler.(*gunfightHandler).monitorConnection()"
time="2024-07-29T16:18:46+03:00" level=error msg="Error finding gunfight: no opponent found within the time limit" func="gunfight.go:129" file="wildwest/internal/handler.(*gunfightHandler).waitForOpponent()"
time="2024-07-29T16:18:47+03:00" level=error msg="Operation Name UpgradeHorse, Operation ID 52d5ccf1-cb3c-4318-998e-b53a486d0825, User ID unknown : no record found money" func="money.go:52" file="wildwest/internal/handler.(*moneyHandler).GetMoney()"
time="2024-07-29T16:19:06+03:00" level=error msg="Operation Name UpgradeHorse, Operation ID 291f83e6-24ad-494a-b287-002138aeb266, User ID unknown : failed to create users: Operation Name UpgradeHorse, Operation ID 291f83e6-24ad-494a-b287-002138aeb266, User ID unknown : failed to create users: timeout: context deadline exceeded" func="user.go:78" file="wildwest/internal/handler.(*userHandler).CheckUser()"
time="2024-07-29T16:20:55+03:00" level=error msg="Operation Name UpgradeHorse, Operation ID d4a9d7d7-1e33-4b96-94bd-d513264693d7, User ID unknown : no record found money" func="money.go:52" file="wildwest/internal/handler.(*moneyHandler).GetMoney()"
time="2024-07-29T16:21:24+03:00" level=error msg="Operation Name UpgradeHorse, Operation ID 6cb0d3fc-2d58-495b-a4a0-4614aeabf5ed, User ID unknown : failed to create users: Operation Name UpgradeHorse, Operation ID 6cb0d3fc-2d58-495b-a4a0-4614aeabf5ed, User ID unknown : failed to create users: timeout: context deadline exceeded" func="user.go:78" file="wildwest/internal/handler.(*userHandler).CheckUser()"
time="2024-07-29T17:56:37+03:00" level=error msg="failed to connect to PostgreSQL: failed to connect to `user=user database=wildwest`: hostname resolving error: lookup db: no such host" func="main.go:40" file="main.main()"
time="2024-07-29T17:56:37+03:00" level=error msg="failed to connect to Redis: dial tcp: lookup redis: no such host" func="main.go:45" file="main.main()"
time="2024-08-01T18:58:27+03:00" level=error msg="failed to connect to PostgreSQL: failed to connect to `user=user database=wildwest`: hostname resolving error: lookup db: no such host" func="main.go:40" file="main.main()"
time="2024-08-01T18:58:27+03:00" level=error msg="failed to connect to Redis: dial tcp: lookup redis: no such host" func="main.go:45" file="main.main()"
